<?xml version="1.0" encoding="UTF-8"?>
<testsuite name="com.gdkm.dao.UserMapperTest" time="0.002" tests="2" errors="2" skipped="0" failures="0">
  <properties>
[...]
</properties>
  <testcase name="findone" classname="com.gdkm.dao.UserMapperTest" time="0.002">
    <error message="Failed to load ApplicationContext" type="java.lang.IllegalStateException">java.lang.IllegalStateException: Failed to load ApplicationContext
	at org.springframework.test.context.cache.DefaultCacheAwareContextLoaderDelegate.loadContext(DefaultCacheAwareContextLoaderDelegate.java:124)
	at org.springframework.test.context.support.DefaultTestContext.getApplicationContext(DefaultTestContext.java:83)
	at org.springframework.test.context.web.ServletTestExecutionListener.setUpRequestContextIfNecessary(ServletTestExecutionListener.java:189)
	at org.springframework.test.context.web.ServletTestExecutionListener.prepareTestInstance(ServletTestExecutionListener.java:131)
	at org.springframework.test.context.TestContextManager.prepareTestInstance(TestContextManager.java:230)
	at org.springframework.test.context.junit4.SpringJUnit4ClassRunner.createTest(SpringJUnit4ClassRunner.java:228)
	at org.springframework.test.context.junit4.SpringJUnit4ClassRunner$1.runReflectiveCall(SpringJUnit4ClassRunner.java:287)
	at org.junit.internal.runners.model.ReflectiveCallable.run(ReflectiveCallable.java:12)
	at org.springframework.test.context.junit4.SpringJUnit4ClassRunner.methodBlock(SpringJUnit4ClassRunner.java:289)
	at org.springframework.test.context.junit4.SpringJUnit4ClassRunner.runChild(SpringJUnit4ClassRunner.java:247)
	at org.springframework.test.context.junit4.SpringJUnit4ClassRunner.runChild(SpringJUnit4ClassRunner.java:94)
	at org.junit.runners.ParentRunner$3.run(ParentRunner.java:290)
	at org.junit.runners.ParentRunner$1.schedule(ParentRunner.java:71)
	at org.junit.runners.ParentRunner.runChildren(ParentRunner.java:288)
	at org.junit.runners.ParentRunner.access$000(ParentRunner.java:58)
	at org.junit.runners.ParentRunner$2.evaluate(ParentRunner.java:268)
	at org.springframework.test.context.junit4.statements.RunBeforeTestClassCallbacks.evaluate(RunBeforeTestClassCallbacks.java:61)
	at org.springframework.test.context.junit4.statements.RunAfterTestClassCallbacks.evaluate(RunAfterTestClassCallbacks.java:70)
	at org.junit.runners.ParentRunner.run(ParentRunner.java:363)
	at org.springframework.test.context.junit4.SpringJUnit4ClassRunner.run(SpringJUnit4ClassRunner.java:191)
	at org.apache.maven.surefire.junit4.JUnit4Provider.execute(JUnit4Provider.java:283)
	at org.apache.maven.surefire.junit4.JUnit4Provider.executeWithRerun(JUnit4Provider.java:173)
	at org.apache.maven.surefire.junit4.JUnit4Provider.executeTestSet(JUnit4Provider.java:153)
	at org.apache.maven.surefire.junit4.JUnit4Provider.invoke(JUnit4Provider.java:128)
	at org.apache.maven.surefire.booter.ForkedBooter.invokeProviderInSameClassLoader(ForkedBooter.java:203)
	at org.apache.maven.surefire.booter.ForkedBooter.runSuitesInProcess(ForkedBooter.java:155)
	at org.apache.maven.surefire.booter.ForkedBooter.main(ForkedBooter.java:103)
Caused by: org.springframework.beans.factory.BeanCreationException: Error creating bean with name 'serverEndpointExporter' defined in class path resource [com/gdkm/config/WebSocketConfig.class]: Invocation of init method failed; nested exception is java.lang.IllegalStateException: javax.websocket.server.ServerContainer not available
	at org.springframework.beans.factory.support.AbstractAutowireCapableBeanFactory.initializeBean(AbstractAutowireCapableBeanFactory.java:1628)
	at org.springframework.beans.factory.support.AbstractAutowireCapableBeanFactory.doCreateBean(AbstractAutowireCapableBeanFactory.java:555)
	at org.springframework.beans.factory.support.AbstractAutowireCapableBeanFactory.createBean(AbstractAutowireCapableBeanFactory.java:483)
	at org.springframework.beans.factory.support.AbstractBeanFactory$1.getObject(AbstractBeanFactory.java:306)
	at org.springframework.beans.factory.support.DefaultSingletonBeanRegistry.getSingleton(DefaultSingletonBeanRegistry.java:230)
	at org.springframework.beans.factory.support.AbstractBeanFactory.doGetBean(AbstractBeanFactory.java:302)
	at org.springframework.beans.factory.support.AbstractBeanFactory.getBean(AbstractBeanFactory.java:197)
	at org.springframework.beans.factory.support.DefaultListableBeanFactory.preInstantiateSingletons(DefaultListableBeanFactory.java:761)
	at org.springframework.context.support.AbstractApplicationContext.finishBeanFactoryInitialization(AbstractApplicationContext.java:866)
	at org.springframework.context.support.AbstractApplicationContext.refresh(AbstractApplicationContext.java:542)
	at org.springframework.boot.SpringApplication.refresh(SpringApplication.java:737)
	at org.springframework.boot.SpringApplication.refreshContext(SpringApplication.java:370)
	at org.springframework.boot.SpringApplication.run(SpringApplication.java:314)
	at org.springframework.boot.test.context.SpringBootContextLoader.loadContext(SpringBootContextLoader.java:120)
	at org.springframework.test.context.cache.DefaultCacheAwareContextLoaderDelegate.loadContextInternal(DefaultCacheAwareContextLoaderDelegate.java:98)
	at org.springframework.test.context.cache.DefaultCacheAwareContextLoaderDelegate.loadContext(DefaultCacheAwareContextLoaderDelegate.java:116)
	at org.springframework.test.context.support.DefaultTestContext.getApplicationContext(DefaultTestContext.java:83)
	at org.springframework.test.context.web.ServletTestExecutionListener.setUpRequestContextIfNecessary(ServletTestExecutionListener.java:189)
	at org.springframework.test.context.web.ServletTestExecutionListener.prepareTestInstance(ServletTestExecutionListener.java:131)
	at org.springframework.test.context.TestContextManager.prepareTestInstance(TestContextManager.java:230)
	at org.springframework.test.context.junit4.SpringJUnit4ClassRunner.createTest(SpringJUnit4ClassRunner.java:228)
	at org.springframework.test.context.junit4.SpringJUnit4ClassRunner$1.runReflectiveCall(SpringJUnit4ClassRunner.java:287)
	at org.junit.internal.runners.model.ReflectiveCallable.run(ReflectiveCallable.java:12)
	at org.springframework.test.context.junit4.SpringJUnit4ClassRunner.methodBlock(SpringJUnit4ClassRunner.java:289)
	at org.springframework.test.context.junit4.SpringJUnit4ClassRunner.runChild(SpringJUnit4ClassRunner.java:247)
	at org.springframework.test.context.junit4.SpringJUnit4ClassRunner.runChild(SpringJUnit4ClassRunner.java:94)
	at org.junit.runners.ParentRunner$3.run(ParentRunner.java:290)
	at org.junit.runners.ParentRunner$1.schedule(ParentRunner.java:71)
	at org.junit.runners.ParentRunner.runChildren(ParentRunner.java:288)
	at org.junit.runners.ParentRunner.access$000(ParentRunner.java:58)
	at org.junit.runners.ParentRunner$2.evaluate(ParentRunner.java:268)
	at org.springframework.test.context.junit4.statements.RunBeforeTestClassCallbacks.evaluate(RunBeforeTestClassCallbacks.java:61)
	at org.springframework.test.context.junit4.statements.RunAfterTestClassCallbacks.evaluate(RunAfterTestClassCallbacks.java:70)
	at org.junit.runners.ParentRunner.run(ParentRunner.java:363)
	at org.springframework.test.context.junit4.SpringJUnit4ClassRunner.run(SpringJUnit4ClassRunner.java:191)
	at org.apache.maven.surefire.junit4.JUnit4Provider.execute(JUnit4Provider.java:283)
	at org.apache.maven.surefire.junit4.JUnit4Provider.executeWithRerun(JUnit4Provider.java:173)
	at org.apache.maven.surefire.junit4.JUnit4Provider.executeTestSet(JUnit4Provider.java:153)
	at org.apache.maven.surefire.junit4.JUnit4Provider.invoke(JUnit4Provider.java:128)
	at org.apache.maven.surefire.booter.ForkedBooter.invokeProviderInSameClassLoader(ForkedBooter.java:203)
	at org.apache.maven.surefire.booter.ForkedBooter.runSuitesInProcess(ForkedBooter.java:155)
	at org.apache.maven.surefire.booter.ForkedBooter.main(ForkedBooter.java:103)
Caused by: java.lang.IllegalStateException: javax.websocket.server.ServerContainer not available
	at org.springframework.util.Assert.state(Assert.java:70)
	at org.springframework.web.socket.server.standard.ServerEndpointExporter.afterPropertiesSet(ServerEndpointExporter.java:102)
	at org.springframework.beans.factory.support.AbstractAutowireCapableBeanFactory.invokeInitMethods(AbstractAutowireCapableBeanFactory.java:1687)
	at org.springframework.beans.factory.support.AbstractAutowireCapableBeanFactory.initializeBean(AbstractAutowireCapableBeanFactory.java:1624)
	at org.springframework.beans.factory.support.AbstractAutowireCapableBeanFactory.doCreateBean(AbstractAutowireCapableBeanFactory.java:555)
	at org.springframework.beans.factory.support.AbstractAutowireCapableBeanFactory.createBean(AbstractAutowireCapableBeanFactory.java:483)
	at org.springframework.beans.factory.support.AbstractBeanFactory$1.getObject(AbstractBeanFactory.java:306)
	at org.springframework.beans.factory.support.DefaultSingletonBeanRegistry.getSingleton(DefaultSingletonBeanRegistry.java:230)
	at org.springframework.beans.factory.support.AbstractBeanFactory.doGetBean(AbstractBeanFactory.java:302)
	at org.springframework.beans.factory.support.AbstractBeanFactory.getBean(AbstractBeanFactory.java:197)
	at org.springframework.beans.factory.support.DefaultListableBeanFactory.preInstantiateSingletons(DefaultListableBeanFactory.java:761)
	at org.springframework.context.support.AbstractApplicationContext.finishBeanFactoryInitialization(AbstractApplicationContext.java:866)
	at org.springframework.context.support.AbstractApplicationContext.refresh(AbstractApplicationContext.java:542)
	at org.springframework.boot.SpringApplication.refresh(SpringApplication.java:737)
	at org.springframework.boot.SpringApplication.refreshContext(SpringApplication.java:370)
	at org.springframework.boot.SpringApplication.run(SpringApplication.java:314)
	at org.springframework.boot.test.context.SpringBootContextLoader.loadContext(SpringBootContextLoader.java:120)
	at org.springframework.test.context.cache.DefaultCacheAwareContextLoaderDelegate.loadContextInternal(DefaultCacheAwareContextLoaderDelegate.java:98)
	at org.springframework.test.context.cache.DefaultCacheAwareContextLoaderDelegate.loadContext(DefaultCacheAwareContextLoaderDelegate.java:116)
	at org.springframework.test.context.support.DefaultTestContext.getApplicationContext(DefaultTestContext.java:83)
	at org.springframework.test.context.web.ServletTestExecutionListener.setUpRequestContextIfNecessary(ServletTestExecutionListener.java:189)
	at org.springframework.test.context.web.ServletTestExecutionListener.prepareTestInstance(ServletTestExecutionListener.java:131)
	at org.springframework.test.context.TestContextManager.prepareTestInstance(TestContextManager.java:230)
	at org.springframework.test.context.junit4.SpringJUnit4ClassRunner.createTest(SpringJUnit4ClassRunner.java:228)
	at org.springframework.test.context.junit4.SpringJUnit4ClassRunner$1.runReflectiveCall(SpringJUnit4ClassRunner.java:287)
	at org.junit.internal.runners.model.ReflectiveCallable.run(ReflectiveCallable.java:12)
	at org.springframework.test.context.junit4.SpringJUnit4ClassRunner.methodBlock(SpringJUnit4ClassRunner.java:289)
	at org.springframework.test.context.junit4.SpringJUnit4ClassRunner.runChild(SpringJUnit4ClassRunner.java:247)
	at org.springframework.test.context.junit4.SpringJUnit4ClassRunner.runChild(SpringJUnit4ClassRunner.java:94)
	at org.junit.runners.ParentRunner$3.run(ParentRunner.java:290)
	at org.junit.runners.ParentRunner$1.schedule(ParentRunner.java:71)
	at org.junit.runners.ParentRunner.runChildren(ParentRunner.java:288)
	at org.junit.runners.ParentRunner.access$000(ParentRunner.java:58)
	at org.junit.runners.ParentRunner$2.evaluate(ParentRunner.java:268)
	at org.springframework.test.context.junit4.statements.RunBeforeTestClassCallbacks.evaluate(RunBeforeTestClassCallbacks.java:61)
	at org.springframework.test.context.junit4.statements.RunAfterTestClassCallbacks.evaluate(RunAfterTestClassCallbacks.java:70)
	at org.junit.runners.ParentRunner.run(ParentRunner.java:363)
	at org.springframework.test.context.junit4.SpringJUnit4ClassRunner.run(SpringJUnit4ClassRunner.java:191)
	at org.apache.maven.surefire.junit4.JUnit4Provider.execute(JUnit4Provider.java:283)
	at org.apache.maven.surefire.junit4.JUnit4Provider.executeWithRerun(JUnit4Provider.java:173)
	at org.apache.maven.surefire.junit4.JUnit4Provider.executeTestSet(JUnit4Provider.java:153)
	at org.apache.maven.surefire.junit4.JUnit4Provider.invoke(JUnit4Provider.java:128)
	at org.apache.maven.surefire.booter.ForkedBooter.invokeProviderInSameClassLoader(ForkedBooter.java:203)
	at org.apache.maven.surefire.booter.ForkedBooter.runSuitesInProcess(ForkedBooter.java:155)
	at org.apache.maven.surefire.booter.ForkedBooter.main(ForkedBooter.java:103)
</error>
    <system-out><![CDATA[12:29:12.547 [main] DEBUG org.springframework.test.context.junit4.SpringJUnit4ClassRunner - SpringJUnit4ClassRunner constructor called with [class com.gdkm.dao.UserMapperTest]
12:29:12.558 [main] DEBUG org.springframework.test.context.BootstrapUtils - Instantiating CacheAwareContextLoaderDelegate from class [org.springframework.test.context.cache.DefaultCacheAwareContextLoaderDelegate]
12:29:12.601 [main] DEBUG org.springframework.test.context.BootstrapUtils - Instantiating BootstrapContext using constructor [public org.springframework.test.context.support.DefaultBootstrapContext(java.lang.Class,org.springframework.test.context.CacheAwareContextLoaderDelegate)]
12:29:12.667 [main] DEBUG org.springframework.test.context.BootstrapUtils - Instantiating TestContextBootstrapper for test class [com.gdkm.dao.UserMapperTest] from class [org.springframework.boot.test.context.SpringBootTestContextBootstrapper]
12:29:12.754 [main] INFO org.springframework.boot.test.context.SpringBootTestContextBootstrapper - Neither @ContextConfiguration nor @ContextHierarchy found for test class [com.gdkm.dao.UserMapperTest], using SpringBootContextLoader
12:29:12.787 [main] DEBUG org.springframework.test.context.support.AbstractContextLoader - Did not detect default resource location for test class [com.gdkm.dao.UserMapperTest]: class path resource [com/gdkm/dao/UserMapperTest-context.xml] does not exist
12:29:12.788 [main] DEBUG org.springframework.test.context.support.AbstractContextLoader - Did not detect default resource location for test class [com.gdkm.dao.UserMapperTest]: class path resource [com/gdkm/dao/UserMapperTestContext.groovy] does not exist
12:29:12.789 [main] INFO org.springframework.test.context.support.AbstractContextLoader - Could not detect default resource locations for test class [com.gdkm.dao.UserMapperTest]: no resource found for suffixes {-context.xml, Context.groovy}.
12:29:12.792 [main] INFO org.springframework.test.context.support.AnnotationConfigContextLoaderUtils - Could not detect default configuration classes for test class [com.gdkm.dao.UserMapperTest]: UserMapperTest does not declare any static, non-private, non-final, nested classes annotated with @Configuration.
12:29:12.967 [main] DEBUG org.springframework.test.context.support.ActiveProfilesUtils - Could not find an 'annotation declaring class' for annotation type [org.springframework.test.context.ActiveProfiles] and class [com.gdkm.dao.UserMapperTest]
12:29:12.979 [main] DEBUG org.springframework.core.env.StandardEnvironment - Adding [systemProperties] PropertySource with lowest search precedence
12:29:12.980 [main] DEBUG org.springframework.core.env.StandardEnvironment - Adding [systemEnvironment] PropertySource with lowest search precedence
12:29:12.980 [main] DEBUG org.springframework.core.env.StandardEnvironment - Initialized StandardEnvironment with PropertySources [systemProperties,systemEnvironment]
12:29:13.012 [main] DEBUG org.springframework.core.io.support.PathMatchingResourcePatternResolver - Resolved classpath location [com/gdkm/dao/] to resources [URL [file:/D:/linux%e7%b3%bb%e7%bb%9f/gdkm-linux/target/test-classes/com/gdkm/dao/], URL [file:/D:/linux%e7%b3%bb%e7%bb%9f/gdkm-linux/target/classes/com/gdkm/dao/]]
12:29:13.013 [main] DEBUG org.springframework.core.io.support.PathMatchingResourcePatternResolver - Looking for matching resources in directory tree [D:\linuxϵͳ\gdkm-linux\target\test-classes\com\gdkm\dao]
12:29:13.013 [main] DEBUG org.springframework.core.io.support.PathMatchingResourcePatternResolver - Searching directory [D:\linuxϵͳ\gdkm-linux\target\test-classes\com\gdkm\dao] for files matching pattern [D:/linuxϵͳ/gdkm-linux/target/test-classes/com/gdkm/dao/*.class]
12:29:13.017 [main] DEBUG org.springframework.core.io.support.PathMatchingResourcePatternResolver - Looking for matching resources in directory tree [D:\linuxϵͳ\gdkm-linux\target\classes\com\gdkm\dao]
12:29:13.017 [main] DEBUG org.springframework.core.io.support.PathMatchingResourcePatternResolver - Searching directory [D:\linuxϵͳ\gdkm-linux\target\classes\com\gdkm\dao] for files matching pattern [D:/linuxϵͳ/gdkm-linux/target/classes/com/gdkm/dao/*.class]
12:29:13.019 [main] DEBUG org.springframework.core.io.support.PathMatchingResourcePatternResolver - Resolved location pattern [classpath*:com/gdkm/dao/*.class] to resources [file [D:\linuxϵͳ\gdkm-linux\target\test-classes\com\gdkm\dao\UserMapperTest.class], file [D:\linuxϵͳ\gdkm-linux\target\classes\com\gdkm\dao\ChatlogMapper.class], file [D:\linuxϵͳ\gdkm-linux\target\classes\com\gdkm\dao\HomeLabelMapper.class], file [D:\linuxϵͳ\gdkm-linux\target\classes\com\gdkm\dao\LabelTitleMapper.class], file [D:\linuxϵͳ\gdkm-linux\target\classes\com\gdkm\dao\ResourceMapper.class], file [D:\linuxϵͳ\gdkm-linux\target\classes\com\gdkm\dao\UserMapper.class]]
12:29:13.053 [main] DEBUG org.springframework.core.io.support.PathMatchingResourcePatternResolver - Resolved classpath location [com/gdkm/] to resources [URL [file:/D:/linux%e7%b3%bb%e7%bb%9f/gdkm-linux/target/test-classes/com/gdkm/], URL [file:/D:/linux%e7%b3%bb%e7%bb%9f/gdkm-linux/target/classes/com/gdkm/]]
12:29:13.053 [main] DEBUG org.springframework.core.io.support.PathMatchingResourcePatternResolver - Looking for matching resources in directory tree [D:\linuxϵͳ\gdkm-linux\target\test-classes\com\gdkm]
12:29:13.053 [main] DEBUG org.springframework.core.io.support.PathMatchingResourcePatternResolver - Searching directory [D:\linuxϵͳ\gdkm-linux\target\test-classes\com\gdkm] for files matching pattern [D:/linuxϵͳ/gdkm-linux/target/test-classes/com/gdkm/*.class]
12:29:13.055 [main] DEBUG org.springframework.core.io.support.PathMatchingResourcePatternResolver - Looking for matching resources in directory tree [D:\linuxϵͳ\gdkm-linux\target\classes\com\gdkm]
12:29:13.055 [main] DEBUG org.springframework.core.io.support.PathMatchingResourcePatternResolver - Searching directory [D:\linuxϵͳ\gdkm-linux\target\classes\com\gdkm] for files matching pattern [D:/linuxϵͳ/gdkm-linux/target/classes/com/gdkm/*.class]
12:29:13.061 [main] DEBUG org.springframework.core.io.support.PathMatchingResourcePatternResolver - Resolved location pattern [classpath*:com/gdkm/*.class] to resources [file [D:\linuxϵͳ\gdkm-linux\target\test-classes\com\gdkm\LinuxApplicationTests.class], file [D:\linuxϵͳ\gdkm-linux\target\classes\com\gdkm\LinuxApplication.class]]
12:29:13.159 [main] DEBUG org.springframework.context.annotation.ClassPathScanningCandidateComponentProvider - Identified candidate component class: file [D:\linuxϵͳ\gdkm-linux\target\classes\com\gdkm\LinuxApplication.class]
12:29:13.160 [main] INFO org.springframework.boot.test.context.SpringBootTestContextBootstrapper - Found @SpringBootConfiguration com.gdkm.LinuxApplication for test class com.gdkm.dao.UserMapperTest
12:29:13.176 [main] DEBUG org.springframework.boot.test.context.SpringBootTestContextBootstrapper - @TestExecutionListeners is not present for class [com.gdkm.dao.UserMapperTest]: using defaults.
12:29:13.181 [main] INFO org.springframework.boot.test.context.SpringBootTestContextBootstrapper - Loaded default TestExecutionListener class names from location [META-INF/spring.factories]: [org.springframework.boot.test.mock.mockito.MockitoTestExecutionListener, org.springframework.boot.test.mock.mockito.ResetMocksTestExecutionListener, org.springframework.boot.test.autoconfigure.restdocs.RestDocsTestExecutionListener, org.springframework.boot.test.autoconfigure.web.client.MockRestServiceServerResetTestExecutionListener, org.springframework.boot.test.autoconfigure.web.servlet.MockMvcPrintOnlyOnFailureTestExecutionListener, org.springframework.boot.test.autoconfigure.web.servlet.WebDriverTestExecutionListener, org.springframework.test.context.web.ServletTestExecutionListener, org.springframework.test.context.support.DirtiesContextBeforeModesTestExecutionListener, org.springframework.test.context.support.DependencyInjectionTestExecutionListener, org.springframework.test.context.support.DirtiesContextTestExecutionListener, org.springframework.test.context.transaction.TransactionalTestExecutionListener, org.springframework.test.context.jdbc.SqlScriptsTestExecutionListener]
12:29:13.236 [main] INFO org.springframework.boot.test.context.SpringBootTestContextBootstrapper - Using TestExecutionListeners: [org.springframework.test.context.web.ServletTestExecutionListener@341b80b2, org.springframework.test.context.support.DirtiesContextBeforeModesTestExecutionListener@55a1c291, org.springframework.boot.test.autoconfigure.SpringBootDependencyInjectionTestExecutionListener@2145433b, org.springframework.test.context.support.DirtiesContextTestExecutionListener@2890c451, org.springframework.test.context.transaction.TransactionalTestExecutionListener@40e6dfe1, org.springframework.test.context.jdbc.SqlScriptsTestExecutionListener@1b083826, org.springframework.boot.test.mock.mockito.ResetMocksTestExecutionListener@105fece7, org.springframework.boot.test.autoconfigure.web.servlet.MockMvcPrintOnlyOnFailureTestExecutionListener@3ec300f1, org.springframework.boot.test.autoconfigure.web.servlet.WebDriverTestExecutionListener@482cd91f, org.springframework.boot.test.autoconfigure.web.client.MockRestServiceServerResetTestExecutionListener@123f1134, org.springframework.boot.test.mock.mockito.MockitoTestExecutionListener@7d68ef40, org.springframework.boot.test.autoconfigure.restdocs.RestDocsTestExecutionListener@5b0abc94]
12:29:13.244 [main] DEBUG org.springframework.test.context.junit4.SpringJUnit4ClassRunner - SpringJUnit4ClassRunner constructor called with [class com.gdkm.LinuxApplicationTests]
12:29:13.244 [main] DEBUG org.springframework.test.context.BootstrapUtils - Instantiating CacheAwareContextLoaderDelegate from class [org.springframework.test.context.cache.DefaultCacheAwareContextLoaderDelegate]
12:29:13.244 [main] DEBUG org.springframework.test.context.BootstrapUtils - Instantiating BootstrapContext using constructor [public org.springframework.test.context.support.DefaultBootstrapContext(java.lang.Class,org.springframework.test.context.CacheAwareContextLoaderDelegate)]
12:29:13.245 [main] DEBUG org.springframework.test.context.BootstrapUtils - Instantiating TestContextBootstrapper for test class [com.gdkm.LinuxApplicationTests] from class [org.springframework.boot.test.context.SpringBootTestContextBootstrapper]
12:29:13.245 [main] INFO org.springframework.boot.test.context.SpringBootTestContextBootstrapper - Neither @ContextConfiguration nor @ContextHierarchy found for test class [com.gdkm.LinuxApplicationTests], using SpringBootContextLoader
12:29:13.246 [main] DEBUG org.springframework.test.context.support.AbstractContextLoader - Did not detect default resource location for test class [com.gdkm.LinuxApplicationTests]: class path resource [com/gdkm/LinuxApplicationTests-context.xml] does not exist
12:29:13.246 [main] DEBUG org.springframework.test.context.support.AbstractContextLoader - Did not detect default resource location for test class [com.gdkm.LinuxApplicationTests]: class path resource [com/gdkm/LinuxApplicationTestsContext.groovy] does not exist
12:29:13.246 [main] INFO org.springframework.test.context.support.AbstractContextLoader - Could not detect default resource locations for test class [com.gdkm.LinuxApplicationTests]: no resource found for suffixes {-context.xml, Context.groovy}.
12:29:13.247 [main] INFO org.springframework.test.context.support.AnnotationConfigContextLoaderUtils - Could not detect default configuration classes for test class [com.gdkm.LinuxApplicationTests]: LinuxApplicationTests does not declare any static, non-private, non-final, nested classes annotated with @Configuration.
12:29:13.260 [main] DEBUG org.springframework.test.context.support.ActiveProfilesUtils - Could not find an 'annotation declaring class' for annotation type [org.springframework.test.context.ActiveProfiles] and class [com.gdkm.LinuxApplicationTests]
12:29:13.260 [main] DEBUG org.springframework.core.env.StandardEnvironment - Adding [systemProperties] PropertySource with lowest search precedence
12:29:13.260 [main] DEBUG org.springframework.core.env.StandardEnvironment - Adding [systemEnvironment] PropertySource with lowest search precedence
12:29:13.261 [main] DEBUG org.springframework.core.env.StandardEnvironment - Initialized StandardEnvironment with PropertySources [systemProperties,systemEnvironment]
12:29:13.262 [main] DEBUG org.springframework.core.io.support.PathMatchingResourcePatternResolver - Resolved classpath location [com/gdkm/] to resources [URL [file:/D:/linux%e7%b3%bb%e7%bb%9f/gdkm-linux/target/test-classes/com/gdkm/], URL [file:/D:/linux%e7%b3%bb%e7%bb%9f/gdkm-linux/target/classes/com/gdkm/]]
12:29:13.262 [main] DEBUG org.springframework.core.io.support.PathMatchingResourcePatternResolver - Looking for matching resources in directory tree [D:\linuxϵͳ\gdkm-linux\target\test-classes\com\gdkm]
12:29:13.262 [main] DEBUG org.springframework.core.io.support.PathMatchingResourcePatternResolver - Searching directory [D:\linuxϵͳ\gdkm-linux\target\test-classes\com\gdkm] for files matching pattern [D:/linuxϵͳ/gdkm-linux/target/test-classes/com/gdkm/*.class]
12:29:13.263 [main] DEBUG org.springframework.core.io.support.PathMatchingResourcePatternResolver - Looking for matching resources in directory tree [D:\linuxϵͳ\gdkm-linux\target\classes\com\gdkm]
12:29:13.264 [main] DEBUG org.springframework.core.io.support.PathMatchingResourcePatternResolver - Searching directory [D:\linuxϵͳ\gdkm-linux\target\classes\com\gdkm] for files matching pattern [D:/linuxϵͳ/gdkm-linux/target/classes/com/gdkm/*.class]
12:29:13.267 [main] DEBUG org.springframework.core.io.support.PathMatchingResourcePatternResolver - Resolved location pattern [classpath*:com/gdkm/*.class] to resources [file [D:\linuxϵͳ\gdkm-linux\target\test-classes\com\gdkm\LinuxApplicationTests.class], file [D:\linuxϵͳ\gdkm-linux\target\classes\com\gdkm\LinuxApplication.class]]
12:29:13.270 [main] DEBUG org.springframework.context.annotation.ClassPathScanningCandidateComponentProvider - Identified candidate component class: file [D:\linuxϵͳ\gdkm-linux\target\classes\com\gdkm\LinuxApplication.class]
12:29:13.270 [main] INFO org.springframework.boot.test.context.SpringBootTestContextBootstrapper - Found @SpringBootConfiguration com.gdkm.LinuxApplication for test class com.gdkm.LinuxApplicationTests
12:29:13.272 [main] DEBUG org.springframework.boot.test.context.SpringBootTestContextBootstrapper - @TestExecutionListeners is not present for class [com.gdkm.LinuxApplicationTests]: using defaults.
12:29:13.283 [main] INFO org.springframework.boot.test.context.SpringBootTestContextBootstrapper - Loaded default TestExecutionListener class names from location [META-INF/spring.factories]: [org.springframework.boot.test.mock.mockito.MockitoTestExecutionListener, org.springframework.boot.test.mock.mockito.ResetMocksTestExecutionListener, org.springframework.boot.test.autoconfigure.restdocs.RestDocsTestExecutionListener, org.springframework.boot.test.autoconfigure.web.client.MockRestServiceServerResetTestExecutionListener, org.springframework.boot.test.autoconfigure.web.servlet.MockMvcPrintOnlyOnFailureTestExecutionListener, org.springframework.boot.test.autoconfigure.web.servlet.WebDriverTestExecutionListener, org.springframework.test.context.web.ServletTestExecutionListener, org.springframework.test.context.support.DirtiesContextBeforeModesTestExecutionListener, org.springframework.test.context.support.DependencyInjectionTestExecutionListener, org.springframework.test.context.support.DirtiesContextTestExecutionListener, org.springframework.test.context.transaction.TransactionalTestExecutionListener, org.springframework.test.context.jdbc.SqlScriptsTestExecutionListener]
12:29:13.288 [main] INFO org.springframework.boot.test.context.SpringBootTestContextBootstrapper - Using TestExecutionListeners: [org.springframework.test.context.web.ServletTestExecutionListener@4c15e7fd, org.springframework.test.context.support.DirtiesContextBeforeModesTestExecutionListener@23986957, org.springframework.boot.test.autoconfigure.SpringBootDependencyInjectionTestExecutionListener@23f7d05d, org.springframework.test.context.support.DirtiesContextTestExecutionListener@1e730495, org.springframework.test.context.transaction.TransactionalTestExecutionListener@7d3a22a9, org.springframework.test.context.jdbc.SqlScriptsTestExecutionListener@1d082e88, org.springframework.boot.test.mock.mockito.ResetMocksTestExecutionListener@60704c, org.springframework.boot.test.autoconfigure.web.servlet.MockMvcPrintOnlyOnFailureTestExecutionListener@6b19b79, org.springframework.boot.test.autoconfigure.web.servlet.WebDriverTestExecutionListener@2a32de6c, org.springframework.boot.test.autoconfigure.web.client.MockRestServiceServerResetTestExecutionListener@7692d9cc, org.springframework.boot.test.mock.mockito.MockitoTestExecutionListener@75f32542, org.springframework.boot.test.autoconfigure.restdocs.RestDocsTestExecutionListener@7f1302d6]
12:29:13.295 [main] DEBUG org.springframework.test.context.junit4.SpringJUnit4ClassRunner - SpringJUnit4ClassRunner constructor called with [class com.gdkm.Repository.UserRepositoryTest]
12:29:13.295 [main] DEBUG org.springframework.test.context.BootstrapUtils - Instantiating CacheAwareContextLoaderDelegate from class [org.springframework.test.context.cache.DefaultCacheAwareContextLoaderDelegate]
12:29:13.296 [main] DEBUG org.springframework.test.context.BootstrapUtils - Instantiating BootstrapContext using constructor [public org.springframework.test.context.support.DefaultBootstrapContext(java.lang.Class,org.springframework.test.context.CacheAwareContextLoaderDelegate)]
12:29:13.302 [main] DEBUG org.springframework.test.context.BootstrapUtils - Instantiating TestContextBootstrapper for test class [com.gdkm.Repository.UserRepositoryTest] from class [org.springframework.boot.test.context.SpringBootTestContextBootstrapper]
12:29:13.303 [main] INFO org.springframework.boot.test.context.SpringBootTestContextBootstrapper - Neither @ContextConfiguration nor @ContextHierarchy found for test class [com.gdkm.Repository.UserRepositoryTest], using SpringBootContextLoader
12:29:13.304 [main] DEBUG org.springframework.test.context.support.AbstractContextLoader - Did not detect default resource location for test class [com.gdkm.Repository.UserRepositoryTest]: class path resource [com/gdkm/Repository/UserRepositoryTest-context.xml] does not exist
12:29:13.306 [main] DEBUG org.springframework.test.context.support.AbstractContextLoader - Did not detect default resource location for test class [com.gdkm.Repository.UserRepositoryTest]: class path resource [com/gdkm/Repository/UserRepositoryTestContext.groovy] does not exist
12:29:13.306 [main] INFO org.springframework.test.context.support.AbstractContextLoader - Could not detect default resource locations for test class [com.gdkm.Repository.UserRepositoryTest]: no resource found for suffixes {-context.xml, Context.groovy}.
12:29:13.306 [main] INFO org.springframework.test.context.support.AnnotationConfigContextLoaderUtils - Could not detect default configuration classes for test class [com.gdkm.Repository.UserRepositoryTest]: UserRepositoryTest does not declare any static, non-private, non-final, nested classes annotated with @Configuration.
12:29:13.323 [main] DEBUG org.springframework.test.context.support.ActiveProfilesUtils - Could not find an 'annotation declaring class' for annotation type [org.springframework.test.context.ActiveProfiles] and class [com.gdkm.Repository.UserRepositoryTest]
12:29:13.325 [main] DEBUG org.springframework.core.env.StandardEnvironment - Adding [systemProperties] PropertySource with lowest search precedence
12:29:13.328 [main] DEBUG org.springframework.core.env.StandardEnvironment - Adding [systemEnvironment] PropertySource with lowest search precedence
12:29:13.329 [main] DEBUG org.springframework.core.env.StandardEnvironment - Initialized StandardEnvironment with PropertySources [systemProperties,systemEnvironment]
12:29:13.330 [main] DEBUG org.springframework.core.io.support.PathMatchingResourcePatternResolver - Resolved classpath location [com/gdkm/Repository/] to resources [URL [file:/D:/linux%e7%b3%bb%e7%bb%9f/gdkm-linux/target/test-classes/com/gdkm/Repository/], URL [file:/D:/linux%e7%b3%bb%e7%bb%9f/gdkm-linux/target/classes/com/gdkm/Repository/]]
12:29:13.330 [main] DEBUG org.springframework.core.io.support.PathMatchingResourcePatternResolver - Looking for matching resources in directory tree [D:\linuxϵͳ\gdkm-linux\target\test-classes\com\gdkm\Repository]
12:29:13.330 [main] DEBUG org.springframework.core.io.support.PathMatchingResourcePatternResolver - Searching directory [D:\linuxϵͳ\gdkm-linux\target\test-classes\com\gdkm\Repository] for files matching pattern [D:/linuxϵͳ/gdkm-linux/target/test-classes/com/gdkm/Repository/*.class]
12:29:13.332 [main] DEBUG org.springframework.core.io.support.PathMatchingResourcePatternResolver - Looking for matching resources in directory tree [D:\linuxϵͳ\gdkm-linux\target\classes\com\gdkm\Repository]
12:29:13.332 [main] DEBUG org.springframework.core.io.support.PathMatchingResourcePatternResolver - Searching directory [D:\linuxϵͳ\gdkm-linux\target\classes\com\gdkm\Repository] for files matching pattern [D:/linuxϵͳ/gdkm-linux/target/classes/com/gdkm/Repository/*.class]
12:29:13.334 [main] DEBUG org.springframework.core.io.support.PathMatchingResourcePatternResolver - Resolved location pattern [classpath*:com/gdkm/Repository/*.class] to resources [file [D:\linuxϵͳ\gdkm-linux\target\test-classes\com\gdkm\Repository\UserRepositoryTest.class], file [D:\linuxϵͳ\gdkm-linux\target\classes\com\gdkm\Repository\AdminRepository.class], file [D:\linuxϵͳ\gdkm-linux\target\classes\com\gdkm\Repository\ChatlogRepository.class], file [D:\linuxϵͳ\gdkm-linux\target\classes\com\gdkm\Repository\CommentRepository.class], file [D:\linuxϵͳ\gdkm-linux\target\classes\com\gdkm\Repository\CourseCommentReposiyory.class], file [D:\linuxϵͳ\gdkm-linux\target\classes\com\gdkm\Repository\HomeLebelRepostory.class], file [D:\linuxϵͳ\gdkm-linux\target\classes\com\gdkm\Repository\LabelTitleRepostory.class], file [D:\linuxϵͳ\gdkm-linux\target\classes\com\gdkm\Repository\QuestionRepository.class], file [D:\linuxϵͳ\gdkm-linux\target\classes\com\gdkm\Repository\ResourceRepository.class], file [D:\linuxϵͳ\gdkm-linux\target\classes\com\gdkm\Repository\ResourceTypeRepository.class], file [D:\linuxϵͳ\gdkm-linux\target\classes\com\gdkm\Repository\RoleRepository.class], file [D:\linuxϵͳ\gdkm-linux\target\classes\com\gdkm\Repository\TotalVisitsRepostory.class], file [D:\linuxϵͳ\gdkm-linux\target\classes\com\gdkm\Repository\UserRepository.class], file [D:\linuxϵͳ\gdkm-linux\target\classes\com\gdkm\Repository\UserRoleRepository.class], file [D:\linuxϵͳ\gdkm-linux\target\classes\com\gdkm\Repository\VideoItemRepository.class], file [D:\linuxϵͳ\gdkm-linux\target\classes\com\gdkm\Repository\VideoRepository.class]]
12:29:13.341 [main] DEBUG org.springframework.core.io.support.PathMatchingResourcePatternResolver - Resolved classpath location [com/gdkm/] to resources [URL [file:/D:/linux%e7%b3%bb%e7%bb%9f/gdkm-linux/target/test-classes/com/gdkm/], URL [file:/D:/linux%e7%b3%bb%e7%bb%9f/gdkm-linux/target/classes/com/gdkm/]]
12:29:13.342 [main] DEBUG org.springframework.core.io.support.PathMatchingResourcePatternResolver - Looking for matching resources in directory tree [D:\linuxϵͳ\gdkm-linux\target\test-classes\com\gdkm]
12:29:13.342 [main] DEBUG org.springframework.core.io.support.PathMatchingResourcePatternResolver - Searching directory [D:\linuxϵͳ\gdkm-linux\target\test-classes\com\gdkm] for files matching pattern [D:/linuxϵͳ/gdkm-linux/target/test-classes/com/gdkm/*.class]
12:29:13.342 [main] DEBUG org.springframework.core.io.support.PathMatchingResourcePatternResolver - Looking for matching resources in directory tree [D:\linuxϵͳ\gdkm-linux\target\classes\com\gdkm]
12:29:13.342 [main] DEBUG org.springframework.core.io.support.PathMatchingResourcePatternResolver - Searching directory [D:\linuxϵͳ\gdkm-linux\target\classes\com\gdkm] for files matching pattern [D:/linuxϵͳ/gdkm-linux/target/classes/com/gdkm/*.class]
12:29:13.345 [main] DEBUG org.springframework.core.io.support.PathMatchingResourcePatternResolver - Resolved location pattern [classpath*:com/gdkm/*.class] to resources [file [D:\linuxϵͳ\gdkm-linux\target\test-classes\com\gdkm\LinuxApplicationTests.class], file [D:\linuxϵͳ\gdkm-linux\target\classes\com\gdkm\LinuxApplication.class]]
12:29:13.347 [main] DEBUG org.springframework.context.annotation.ClassPathScanningCandidateComponentProvider - Identified candidate component class: file [D:\linuxϵͳ\gdkm-linux\target\classes\com\gdkm\LinuxApplication.class]
12:29:13.347 [main] INFO org.springframework.boot.test.context.SpringBootTestContextBootstrapper - Found @SpringBootConfiguration com.gdkm.LinuxApplication for test class com.gdkm.Repository.UserRepositoryTest
12:29:13.348 [main] DEBUG org.springframework.boot.test.context.SpringBootTestContextBootstrapper - @TestExecutionListeners is not present for class [com.gdkm.Repository.UserRepositoryTest]: using defaults.
12:29:13.354 [main] INFO org.springframework.boot.test.context.SpringBootTestContextBootstrapper - Loaded default TestExecutionListener class names from location [META-INF/spring.factories]: [org.springframework.boot.test.mock.mockito.MockitoTestExecutionListener, org.springframework.boot.test.mock.mockito.ResetMocksTestExecutionListener, org.springframework.boot.test.autoconfigure.restdocs.RestDocsTestExecutionListener, org.springframework.boot.test.autoconfigure.web.client.MockRestServiceServerResetTestExecutionListener, org.springframework.boot.test.autoconfigure.web.servlet.MockMvcPrintOnlyOnFailureTestExecutionListener, org.springframework.boot.test.autoconfigure.web.servlet.WebDriverTestExecutionListener, org.springframework.test.context.web.ServletTestExecutionListener, org.springframework.test.context.support.DirtiesContextBeforeModesTestExecutionListener, org.springframework.test.context.support.DependencyInjectionTestExecutionListener, org.springframework.test.context.support.DirtiesContextTestExecutionListener, org.springframework.test.context.transaction.TransactionalTestExecutionListener, org.springframework.test.context.jdbc.SqlScriptsTestExecutionListener]
12:29:13.358 [main] INFO org.springframework.boot.test.context.SpringBootTestContextBootstrapper - Using TestExecutionListeners: [org.springframework.test.context.web.ServletTestExecutionListener@4690b489, org.springframework.test.context.support.DirtiesContextBeforeModesTestExecutionListener@79b06cab, org.springframework.boot.test.autoconfigure.SpringBootDependencyInjectionTestExecutionListener@3eb7fc54, org.springframework.test.context.support.DirtiesContextTestExecutionListener@7f552bd3, org.springframework.test.context.transaction.TransactionalTestExecutionListener@3c22fc4c, org.springframework.test.context.jdbc.SqlScriptsTestExecutionListener@460d0a57, org.springframework.boot.test.mock.mockito.ResetMocksTestExecutionListener@47d90b9e, org.springframework.boot.test.autoconfigure.web.servlet.MockMvcPrintOnlyOnFailureTestExecutionListener@1184ab05, org.springframework.boot.test.autoconfigure.web.servlet.WebDriverTestExecutionListener@3aefe5e5, org.springframework.boot.test.autoconfigure.web.client.MockRestServiceServerResetTestExecutionListener@149e0f5d, org.springframework.boot.test.mock.mockito.MockitoTestExecutionListener@1b1473ab, org.springframework.boot.test.autoconfigure.restdocs.RestDocsTestExecutionListener@2f7c2f4f]
12:29:13.361 [main] DEBUG org.springframework.test.context.junit4.SpringJUnit4ClassRunner - SpringJUnit4ClassRunner constructor called with [class com.gdkm.service.impl.AdminServiceImplTest]
12:29:13.362 [main] DEBUG org.springframework.test.context.BootstrapUtils - Instantiating CacheAwareContextLoaderDelegate from class [org.springframework.test.context.cache.DefaultCacheAwareContextLoaderDelegate]
12:29:13.363 [main] DEBUG org.springframework.test.context.BootstrapUtils - Instantiating BootstrapContext using constructor [public org.springframework.test.context.support.DefaultBootstrapContext(java.lang.Class,org.springframework.test.context.CacheAwareContextLoaderDelegate)]
12:29:13.363 [main] DEBUG org.springframework.test.context.BootstrapUtils - Instantiating TestContextBootstrapper for test class [com.gdkm.service.impl.AdminServiceImplTest] from class [org.springframework.boot.test.context.SpringBootTestContextBootstrapper]
12:29:13.364 [main] INFO org.springframework.boot.test.context.SpringBootTestContextBootstrapper - Neither @ContextConfiguration nor @ContextHierarchy found for test class [com.gdkm.service.impl.AdminServiceImplTest], using SpringBootContextLoader
12:29:13.365 [main] DEBUG org.springframework.test.context.support.AbstractContextLoader - Did not detect default resource location for test class [com.gdkm.service.impl.AdminServiceImplTest]: class path resource [com/gdkm/service/impl/AdminServiceImplTest-context.xml] does not exist
12:29:13.367 [main] DEBUG org.springframework.test.context.support.AbstractContextLoader - Did not detect default resource location for test class [com.gdkm.service.impl.AdminServiceImplTest]: class path resource [com/gdkm/service/impl/AdminServiceImplTestContext.groovy] does not exist
12:29:13.368 [main] INFO org.springframework.test.context.support.AbstractContextLoader - Could not detect default resource locations for test class [com.gdkm.service.impl.AdminServiceImplTest]: no resource found for suffixes {-context.xml, Context.groovy}.
12:29:13.369 [main] INFO org.springframework.test.context.support.AnnotationConfigContextLoaderUtils - Could not detect default configuration classes for test class [com.gdkm.service.impl.AdminServiceImplTest]: AdminServiceImplTest does not declare any static, non-private, non-final, nested classes annotated with @Configuration.
12:29:13.375 [main] DEBUG org.springframework.test.context.support.ActiveProfilesUtils - Could not find an 'annotation declaring class' for annotation type [org.springframework.test.context.ActiveProfiles] and class [com.gdkm.service.impl.AdminServiceImplTest]
12:29:13.375 [main] DEBUG org.springframework.core.env.StandardEnvironment - Adding [systemProperties] PropertySource with lowest search precedence
12:29:13.375 [main] DEBUG org.springframework.core.env.StandardEnvironment - Adding [systemEnvironment] PropertySource with lowest search precedence
12:29:13.376 [main] DEBUG org.springframework.core.env.StandardEnvironment - Initialized StandardEnvironment with PropertySources [systemProperties,systemEnvironment]
12:29:13.377 [main] DEBUG org.springframework.core.io.support.PathMatchingResourcePatternResolver - Resolved classpath location [com/gdkm/service/impl/] to resources [URL [file:/D:/linux%e7%b3%bb%e7%bb%9f/gdkm-linux/target/test-classes/com/gdkm/service/impl/], URL [file:/D:/linux%e7%b3%bb%e7%bb%9f/gdkm-linux/target/classes/com/gdkm/service/impl/]]
12:29:13.377 [main] DEBUG org.springframework.core.io.support.PathMatchingResourcePatternResolver - Looking for matching resources in directory tree [D:\linuxϵͳ\gdkm-linux\target\test-classes\com\gdkm\service\impl]
12:29:13.378 [main] DEBUG org.springframework.core.io.support.PathMatchingResourcePatternResolver - Searching directory [D:\linuxϵͳ\gdkm-linux\target\test-classes\com\gdkm\service\impl] for files matching pattern [D:/linuxϵͳ/gdkm-linux/target/test-classes/com/gdkm/service/impl/*.class]
12:29:13.380 [main] DEBUG org.springframework.core.io.support.PathMatchingResourcePatternResolver - Looking for matching resources in directory tree [D:\linuxϵͳ\gdkm-linux\target\classes\com\gdkm\service\impl]
12:29:13.381 [main] DEBUG org.springframework.core.io.support.PathMatchingResourcePatternResolver - Searching directory [D:\linuxϵͳ\gdkm-linux\target\classes\com\gdkm\service\impl] for files matching pattern [D:/linuxϵͳ/gdkm-linux/target/classes/com/gdkm/service/impl/*.class]
12:29:13.382 [main] DEBUG org.springframework.core.io.support.PathMatchingResourcePatternResolver - Resolved location pattern [classpath*:com/gdkm/service/impl/*.class] to resources [file [D:\linuxϵͳ\gdkm-linux\target\test-classes\com\gdkm\service\impl\AdminServiceImplTest.class], file [D:\linuxϵͳ\gdkm-linux\target\test-classes\com\gdkm\service\impl\UserServiceImplTest.class], file [D:\linuxϵͳ\gdkm-linux\target\test-classes\com\gdkm\service\impl\VideoServiceImplTest.class], file [D:\linuxϵͳ\gdkm-linux\target\classes\com\gdkm\service\impl\AdminServiceImpl.class], file [D:\linuxϵͳ\gdkm-linux\target\classes\com\gdkm\service\impl\ChatlogServiceImpl.class], file [D:\linuxϵͳ\gdkm-linux\target\classes\com\gdkm\service\impl\CommentServiceImpl.class], file [D:\linuxϵͳ\gdkm-linux\target\classes\com\gdkm\service\impl\CourseCommentServiceImpl.class], file [D:\linuxϵͳ\gdkm-linux\target\classes\com\gdkm\service\impl\HomeLebelServiceImpl.class], file [D:\linuxϵͳ\gdkm-linux\target\classes\com\gdkm\service\impl\LabelTitleServiceImpl.class], file [D:\linuxϵͳ\gdkm-linux\target\classes\com\gdkm\service\impl\QuestionServiceImpl.class], file [D:\linuxϵͳ\gdkm-linux\target\classes\com\gdkm\service\impl\ResourceServiceImpl.class], file [D:\linuxϵͳ\gdkm-linux\target\classes\com\gdkm\service\impl\ResourceTypeServiceImpl.class], file [D:\linuxϵͳ\gdkm-linux\target\classes\com\gdkm\service\impl\ServletRequestListenerImpl.class], file [D:\linuxϵͳ\gdkm-linux\target\classes\com\gdkm\service\impl\TotalVisitsServiceImpl.class], file [D:\linuxϵͳ\gdkm-linux\target\classes\com\gdkm\service\impl\UserServiceImpl.class], file [D:\linuxϵͳ\gdkm-linux\target\classes\com\gdkm\service\impl\VideoServiceImpl.class]]
12:29:13.396 [main] DEBUG org.springframework.core.io.support.PathMatchingResourcePatternResolver - Resolved classpath location [com/gdkm/service/] to resources [URL [file:/D:/linux%e7%b3%bb%e7%bb%9f/gdkm-linux/target/test-classes/com/gdkm/service/], URL [file:/D:/linux%e7%b3%bb%e7%bb%9f/gdkm-linux/target/classes/com/gdkm/service/]]
12:29:13.396 [main] DEBUG org.springframework.core.io.support.PathMatchingResourcePatternResolver - Looking for matching resources in directory tree [D:\linuxϵͳ\gdkm-linux\target\test-classes\com\gdkm\service]
12:29:13.397 [main] DEBUG org.springframework.core.io.support.PathMatchingResourcePatternResolver - Searching directory [D:\linuxϵͳ\gdkm-linux\target\test-classes\com\gdkm\service] for files matching pattern [D:/linuxϵͳ/gdkm-linux/target/test-classes/com/gdkm/service/*.class]
12:29:13.397 [main] DEBUG org.springframework.core.io.support.PathMatchingResourcePatternResolver - Looking for matching resources in directory tree [D:\linuxϵͳ\gdkm-linux\target\classes\com\gdkm\service]
12:29:13.397 [main] DEBUG org.springframework.core.io.support.PathMatchingResourcePatternResolver - Searching directory [D:\linuxϵͳ\gdkm-linux\target\classes\com\gdkm\service] for files matching pattern [D:/linuxϵͳ/gdkm-linux/target/classes/com/gdkm/service/*.class]
12:29:13.398 [main] DEBUG org.springframework.core.io.support.PathMatchingResourcePatternResolver - Resolved location pattern [classpath*:com/gdkm/service/*.class] to resources [file [D:\linuxϵͳ\gdkm-linux\target\classes\com\gdkm\service\AdminService.class], file [D:\linuxϵͳ\gdkm-linux\target\classes\com\gdkm\service\ChatlogService.class], file [D:\linuxϵͳ\gdkm-linux\target\classes\com\gdkm\service\CommentService.class], file [D:\linuxϵͳ\gdkm-linux\target\classes\com\gdkm\service\CourseCommentService.class], file [D:\linuxϵͳ\gdkm-linux\target\classes\com\gdkm\service\HomeLebelService.class], file [D:\linuxϵͳ\gdkm-linux\target\classes\com\gdkm\service\LabelTitleService.class], file [D:\linuxϵͳ\gdkm-linux\target\classes\com\gdkm\service\QuestionService.class], file [D:\linuxϵͳ\gdkm-linux\target\classes\com\gdkm\service\ResourceService.class], file [D:\linuxϵͳ\gdkm-linux\target\classes\com\gdkm\service\ResourceTypeService.class], file [D:\linuxϵͳ\gdkm-linux\target\classes\com\gdkm\service\TotalVisitsService.class], file [D:\linuxϵͳ\gdkm-linux\target\classes\com\gdkm\service\UserService.class], file [D:\linuxϵͳ\gdkm-linux\target\classes\com\gdkm\service\VideoService.class]]
12:29:13.400 [main] DEBUG org.springframework.core.io.support.PathMatchingResourcePatternResolver - Resolved classpath location [com/gdkm/] to resources [URL [file:/D:/linux%e7%b3%bb%e7%bb%9f/gdkm-linux/target/test-classes/com/gdkm/], URL [file:/D:/linux%e7%b3%bb%e7%bb%9f/gdkm-linux/target/classes/com/gdkm/]]
12:29:13.400 [main] DEBUG org.springframework.core.io.support.PathMatchingResourcePatternResolver - Looking for matching resources in directory tree [D:\linuxϵͳ\gdkm-linux\target\test-classes\com\gdkm]
12:29:13.401 [main] DEBUG org.springframework.core.io.support.PathMatchingResourcePatternResolver - Searching directory [D:\linuxϵͳ\gdkm-linux\target\test-classes\com\gdkm] for files matching pattern [D:/linuxϵͳ/gdkm-linux/target/test-classes/com/gdkm/*.class]
12:29:13.402 [main] DEBUG org.springframework.core.io.support.PathMatchingResourcePatternResolver - Looking for matching resources in directory tree [D:\linuxϵͳ\gdkm-linux\target\classes\com\gdkm]
12:29:13.402 [main] DEBUG org.springframework.core.io.support.PathMatchingResourcePatternResolver - Searching directory [D:\linuxϵͳ\gdkm-linux\target\classes\com\gdkm] for files matching pattern [D:/linuxϵͳ/gdkm-linux/target/classes/com/gdkm/*.class]
12:29:13.403 [main] DEBUG org.springframework.core.io.support.PathMatchingResourcePatternResolver - Resolved location pattern [classpath*:com/gdkm/*.class] to resources [file [D:\linuxϵͳ\gdkm-linux\target\test-classes\com\gdkm\LinuxApplicationTests.class], file [D:\linuxϵͳ\gdkm-linux\target\classes\com\gdkm\LinuxApplication.class]]
12:29:13.406 [main] DEBUG org.springframework.context.annotation.ClassPathScanningCandidateComponentProvider - Identified candidate component class: file [D:\linuxϵͳ\gdkm-linux\target\classes\com\gdkm\LinuxApplication.class]
12:29:13.406 [main] INFO org.springframework.boot.test.context.SpringBootTestContextBootstrapper - Found @SpringBootConfiguration com.gdkm.LinuxApplication for test class com.gdkm.service.impl.AdminServiceImplTest
12:29:13.407 [main] DEBUG org.springframework.boot.test.context.SpringBootTestContextBootstrapper - @TestExecutionListeners is not present for class [com.gdkm.service.impl.AdminServiceImplTest]: using defaults.
12:29:13.412 [main] INFO org.springframework.boot.test.context.SpringBootTestContextBootstrapper - Loaded default TestExecutionListener class names from location [META-INF/spring.factories]: [org.springframework.boot.test.mock.mockito.MockitoTestExecutionListener, org.springframework.boot.test.mock.mockito.ResetMocksTestExecutionListener, org.springframework.boot.test.autoconfigure.restdocs.RestDocsTestExecutionListener, org.springframework.boot.test.autoconfigure.web.client.MockRestServiceServerResetTestExecutionListener, org.springframework.boot.test.autoconfigure.web.servlet.MockMvcPrintOnlyOnFailureTestExecutionListener, org.springframework.boot.test.autoconfigure.web.servlet.WebDriverTestExecutionListener, org.springframework.test.context.web.ServletTestExecutionListener, org.springframework.test.context.support.DirtiesContextBeforeModesTestExecutionListener, org.springframework.test.context.support.DependencyInjectionTestExecutionListener, org.springframework.test.context.support.DirtiesContextTestExecutionListener, org.springframework.test.context.transaction.TransactionalTestExecutionListener, org.springframework.test.context.jdbc.SqlScriptsTestExecutionListener]
12:29:13.417 [main] INFO org.springframework.boot.test.context.SpringBootTestContextBootstrapper - Using TestExecutionListeners: [org.springframework.test.context.web.ServletTestExecutionListener@6973b51b, org.springframework.test.context.support.DirtiesContextBeforeModesTestExecutionListener@1ab3a8c8, org.springframework.boot.test.autoconfigure.SpringBootDependencyInjectionTestExecutionListener@43195e57, org.springframework.test.context.support.DirtiesContextTestExecutionListener@333291e3, org.springframework.test.context.transaction.TransactionalTestExecutionListener@479d31f3, org.springframework.test.context.jdbc.SqlScriptsTestExecutionListener@40ef3420, org.springframework.boot.test.mock.mockito.ResetMocksTestExecutionListener@498d318c, org.springframework.boot.test.autoconfigure.web.servlet.MockMvcPrintOnlyOnFailureTestExecutionListener@6e171cd7, org.springframework.boot.test.autoconfigure.web.servlet.WebDriverTestExecutionListener@402bba4f, org.springframework.boot.test.autoconfigure.web.client.MockRestServiceServerResetTestExecutionListener@795cd85e, org.springframework.boot.test.mock.mockito.MockitoTestExecutionListener@59fd97a8, org.springframework.boot.test.autoconfigure.restdocs.RestDocsTestExecutionListener@f5ac9e4]
12:29:13.420 [main] DEBUG org.springframework.test.context.junit4.SpringJUnit4ClassRunner - SpringJUnit4ClassRunner constructor called with [class com.gdkm.service.impl.VideoServiceImplTest]
12:29:13.420 [main] DEBUG org.springframework.test.context.BootstrapUtils - Instantiating CacheAwareContextLoaderDelegate from class [org.springframework.test.context.cache.DefaultCacheAwareContextLoaderDelegate]
12:29:13.421 [main] DEBUG org.springframework.test.context.BootstrapUtils - Instantiating BootstrapContext using constructor [public org.springframework.test.context.support.DefaultBootstrapContext(java.lang.Class,org.springframework.test.context.CacheAwareContextLoaderDelegate)]
12:29:13.422 [main] DEBUG org.springframework.test.context.BootstrapUtils - Instantiating TestContextBootstrapper for test class [com.gdkm.service.impl.VideoServiceImplTest] from class [org.springframework.boot.test.context.SpringBootTestContextBootstrapper]
12:29:13.422 [main] INFO org.springframework.boot.test.context.SpringBootTestContextBootstrapper - Neither @ContextConfiguration nor @ContextHierarchy found for test class [com.gdkm.service.impl.VideoServiceImplTest], using SpringBootContextLoader
12:29:13.423 [main] DEBUG org.springframework.test.context.support.AbstractContextLoader - Did not detect default resource location for test class [com.gdkm.service.impl.VideoServiceImplTest]: class path resource [com/gdkm/service/impl/VideoServiceImplTest-context.xml] does not exist
12:29:13.424 [main] DEBUG org.springframework.test.context.support.AbstractContextLoader - Did not detect default resource location for test class [com.gdkm.service.impl.VideoServiceImplTest]: class path resource [com/gdkm/service/impl/VideoServiceImplTestContext.groovy] does not exist
12:29:13.425 [main] INFO org.springframework.test.context.support.AbstractContextLoader - Could not detect default resource locations for test class [com.gdkm.service.impl.VideoServiceImplTest]: no resource found for suffixes {-context.xml, Context.groovy}.
12:29:13.425 [main] INFO org.springframework.test.context.support.AnnotationConfigContextLoaderUtils - Could not detect default configuration classes for test class [com.gdkm.service.impl.VideoServiceImplTest]: VideoServiceImplTest does not declare any static, non-private, non-final, nested classes annotated with @Configuration.
12:29:13.429 [main] DEBUG org.springframework.test.context.support.ActiveProfilesUtils - Could not find an 'annotation declaring class' for annotation type [org.springframework.test.context.ActiveProfiles] and class [com.gdkm.service.impl.VideoServiceImplTest]
12:29:13.430 [main] DEBUG org.springframework.core.env.StandardEnvironment - Adding [systemProperties] PropertySource with lowest search precedence
12:29:13.430 [main] DEBUG org.springframework.core.env.StandardEnvironment - Adding [systemEnvironment] PropertySource with lowest search precedence
12:29:13.430 [main] DEBUG org.springframework.core.env.StandardEnvironment - Initialized StandardEnvironment with PropertySources [systemProperties,systemEnvironment]
12:29:13.430 [main] INFO org.springframework.boot.test.context.SpringBootTestContextBootstrapper - Found @SpringBootConfiguration com.gdkm.LinuxApplication for test class com.gdkm.service.impl.VideoServiceImplTest
12:29:13.432 [main] DEBUG org.springframework.boot.test.context.SpringBootTestContextBootstrapper - @TestExecutionListeners is not present for class [com.gdkm.service.impl.VideoServiceImplTest]: using defaults.
12:29:13.434 [main] INFO org.springframework.boot.test.context.SpringBootTestContextBootstrapper - Loaded default TestExecutionListener class names from location [META-INF/spring.factories]: [org.springframework.boot.test.mock.mockito.MockitoTestExecutionListener, org.springframework.boot.test.mock.mockito.ResetMocksTestExecutionListener, org.springframework.boot.test.autoconfigure.restdocs.RestDocsTestExecutionListener, org.springframework.boot.test.autoconfigure.web.client.MockRestServiceServerResetTestExecutionListener, org.springframework.boot.test.autoconfigure.web.servlet.MockMvcPrintOnlyOnFailureTestExecutionListener, org.springframework.boot.test.autoconfigure.web.servlet.WebDriverTestExecutionListener, org.springframework.test.context.web.ServletTestExecutionListener, org.springframework.test.context.support.DirtiesContextBeforeModesTestExecutionListener, org.springframework.test.context.support.DependencyInjectionTestExecutionListener, org.springframework.test.context.support.DirtiesContextTestExecutionListener, org.springframework.test.context.transaction.TransactionalTestExecutionListener, org.springframework.test.context.jdbc.SqlScriptsTestExecutionListener]
12:29:13.437 [main] INFO org.springframework.boot.test.context.SpringBootTestContextBootstrapper - Using TestExecutionListeners: [org.springframework.test.context.web.ServletTestExecutionListener@158d2680, org.springframework.test.context.support.DirtiesContextBeforeModesTestExecutionListener@77847718, org.springframework.boot.test.autoconfigure.SpringBootDependencyInjectionTestExecutionListener@7f3b84b8, org.springframework.test.context.support.DirtiesContextTestExecutionListener@57a3af25, org.springframework.test.context.transaction.TransactionalTestExecutionListener@2b662a77, org.springframework.test.context.jdbc.SqlScriptsTestExecutionListener@7f0eb4b4, org.springframework.boot.test.mock.mockito.ResetMocksTestExecutionListener@5c33f1a9, org.springframework.boot.test.autoconfigure.web.servlet.MockMvcPrintOnlyOnFailureTestExecutionListener@1623b78d, org.springframework.boot.test.autoconfigure.web.servlet.WebDriverTestExecutionListener@c8c12ac, org.springframework.boot.test.autoconfigure.web.client.MockRestServiceServerResetTestExecutionListener@6adbc9d, org.springframework.boot.test.mock.mockito.MockitoTestExecutionListener@4550bb58, org.springframework.boot.test.autoconfigure.restdocs.RestDocsTestExecutionListener@4ec4f3a0]
12:29:13.478 [main] DEBUG org.springframework.test.annotation.ProfileValueUtils - Retrieved @ProfileValueSourceConfiguration [null] for test class [com.gdkm.dao.UserMapperTest]
12:29:13.479 [main] DEBUG org.springframework.test.annotation.ProfileValueUtils - Retrieved ProfileValueSource type [class org.springframework.test.annotation.SystemProfileValueSource] for class [com.gdkm.dao.UserMapperTest]
12:29:13.479 [main] DEBUG org.springframework.test.annotation.ProfileValueUtils - Retrieved @ProfileValueSourceConfiguration [null] for test class [com.gdkm.LinuxApplicationTests]
12:29:13.480 [main] DEBUG org.springframework.test.annotation.ProfileValueUtils - Retrieved ProfileValueSource type [class org.springframework.test.annotation.SystemProfileValueSource] for class [com.gdkm.LinuxApplicationTests]
12:29:13.481 [main] DEBUG org.springframework.test.annotation.ProfileValueUtils - Retrieved @ProfileValueSourceConfiguration [null] for test class [com.gdkm.Repository.UserRepositoryTest]
12:29:13.481 [main] DEBUG org.springframework.test.annotation.ProfileValueUtils - Retrieved ProfileValueSource type [class org.springframework.test.annotation.SystemProfileValueSource] for class [com.gdkm.Repository.UserRepositoryTest]
12:29:13.481 [main] DEBUG org.springframework.test.annotation.ProfileValueUtils - Retrieved @ProfileValueSourceConfiguration [null] for test class [com.gdkm.service.impl.AdminServiceImplTest]
12:29:13.481 [main] DEBUG org.springframework.test.annotation.ProfileValueUtils - Retrieved ProfileValueSource type [class org.springframework.test.annotation.SystemProfileValueSource] for class [com.gdkm.service.impl.AdminServiceImplTest]
12:29:13.482 [main] DEBUG org.springframework.test.annotation.ProfileValueUtils - Retrieved @ProfileValueSourceConfiguration [null] for test class [com.gdkm.service.impl.VideoServiceImplTest]
12:29:13.482 [main] DEBUG org.springframework.test.annotation.ProfileValueUtils - Retrieved ProfileValueSource type [class org.springframework.test.annotation.SystemProfileValueSource] for class [com.gdkm.service.impl.VideoServiceImplTest]
12:29:13.485 [main] DEBUG org.springframework.test.context.junit4.SpringJUnit4ClassRunner - SpringJUnit4ClassRunner constructor called with [class com.gdkm.dao.UserMapperTest]
12:29:13.486 [main] DEBUG org.springframework.test.context.BootstrapUtils - Instantiating CacheAwareContextLoaderDelegate from class [org.springframework.test.context.cache.DefaultCacheAwareContextLoaderDelegate]
12:29:13.486 [main] DEBUG org.springframework.test.context.BootstrapUtils - Instantiating BootstrapContext using constructor [public org.springframework.test.context.support.DefaultBootstrapContext(java.lang.Class,org.springframework.test.context.CacheAwareContextLoaderDelegate)]
12:29:13.486 [main] DEBUG org.springframework.test.context.BootstrapUtils - Instantiating TestContextBootstrapper for test class [com.gdkm.dao.UserMapperTest] from class [org.springframework.boot.test.context.SpringBootTestContextBootstrapper]
12:29:13.487 [main] INFO org.springframework.boot.test.context.SpringBootTestContextBootstrapper - Neither @ContextConfiguration nor @ContextHierarchy found for test class [com.gdkm.dao.UserMapperTest], using SpringBootContextLoader
12:29:13.488 [main] DEBUG org.springframework.test.context.support.AbstractContextLoader - Did not detect default resource location for test class [com.gdkm.dao.UserMapperTest]: class path resource [com/gdkm/dao/UserMapperTest-context.xml] does not exist
12:29:13.488 [main] DEBUG org.springframework.test.context.support.AbstractContextLoader - Did not detect default resource location for test class [com.gdkm.dao.UserMapperTest]: class path resource [com/gdkm/dao/UserMapperTestContext.groovy] does not exist
12:29:13.488 [main] INFO org.springframework.test.context.support.AbstractContextLoader - Could not detect default resource locations for test class [com.gdkm.dao.UserMapperTest]: no resource found for suffixes {-context.xml, Context.groovy}.
12:29:13.488 [main] INFO org.springframework.test.context.support.AnnotationConfigContextLoaderUtils - Could not detect default configuration classes for test class [com.gdkm.dao.UserMapperTest]: UserMapperTest does not declare any static, non-private, non-final, nested classes annotated with @Configuration.
12:29:13.494 [main] DEBUG org.springframework.test.context.support.ActiveProfilesUtils - Could not find an 'annotation declaring class' for annotation type [org.springframework.test.context.ActiveProfiles] and class [com.gdkm.dao.UserMapperTest]
12:29:13.494 [main] DEBUG org.springframework.core.env.StandardEnvironment - Adding [systemProperties] PropertySource with lowest search precedence
12:29:13.494 [main] DEBUG org.springframework.core.env.StandardEnvironment - Adding [systemEnvironment] PropertySource with lowest search precedence
12:29:13.494 [main] DEBUG org.springframework.core.env.StandardEnvironment - Initialized StandardEnvironment with PropertySources [systemProperties,systemEnvironment]
12:29:13.495 [main] INFO org.springframework.boot.test.context.SpringBootTestContextBootstrapper - Found @SpringBootConfiguration com.gdkm.LinuxApplication for test class com.gdkm.dao.UserMapperTest
12:29:13.498 [main] DEBUG org.springframework.boot.test.context.SpringBootTestContextBootstrapper - @TestExecutionListeners is not present for class [com.gdkm.dao.UserMapperTest]: using defaults.
12:29:13.501 [main] INFO org.springframework.boot.test.context.SpringBootTestContextBootstrapper - Loaded default TestExecutionListener class names from location [META-INF/spring.factories]: [org.springframework.boot.test.mock.mockito.MockitoTestExecutionListener, org.springframework.boot.test.mock.mockito.ResetMocksTestExecutionListener, org.springframework.boot.test.autoconfigure.restdocs.RestDocsTestExecutionListener, org.springframework.boot.test.autoconfigure.web.client.MockRestServiceServerResetTestExecutionListener, org.springframework.boot.test.autoconfigure.web.servlet.MockMvcPrintOnlyOnFailureTestExecutionListener, org.springframework.boot.test.autoconfigure.web.servlet.WebDriverTestExecutionListener, org.springframework.test.context.web.ServletTestExecutionListener, org.springframework.test.context.support.DirtiesContextBeforeModesTestExecutionListener, org.springframework.test.context.support.DependencyInjectionTestExecutionListener, org.springframework.test.context.support.DirtiesContextTestExecutionListener, org.springframework.test.context.transaction.TransactionalTestExecutionListener, org.springframework.test.context.jdbc.SqlScriptsTestExecutionListener]
12:29:13.507 [main] INFO org.springframework.boot.test.context.SpringBootTestContextBootstrapper - Using TestExecutionListeners: [org.springframework.test.context.web.ServletTestExecutionListener@3c46e67a, org.springframework.test.context.support.DirtiesContextBeforeModesTestExecutionListener@c730b35, org.springframework.boot.test.autoconfigure.SpringBootDependencyInjectionTestExecutionListener@206a70ef, org.springframework.test.context.support.DirtiesContextTestExecutionListener@292b08d6, org.springframework.test.context.transaction.TransactionalTestExecutionListener@22555ebf, org.springframework.test.context.jdbc.SqlScriptsTestExecutionListener@36ebc363, org.springframework.boot.test.mock.mockito.ResetMocksTestExecutionListener@45752059, org.springframework.boot.test.autoconfigure.web.servlet.MockMvcPrintOnlyOnFailureTestExecutionListener@34e9fd99, org.springframework.boot.test.autoconfigure.web.servlet.WebDriverTestExecutionListener@3c41ed1d, org.springframework.boot.test.autoconfigure.web.client.MockRestServiceServerResetTestExecutionListener@54d9d12d, org.springframework.boot.test.mock.mockito.MockitoTestExecutionListener@38425407, org.springframework.boot.test.autoconfigure.restdocs.RestDocsTestExecutionListener@43bc63a3]
12:29:13.508 [main] DEBUG org.springframework.test.annotation.ProfileValueUtils - Retrieved @ProfileValueSourceConfiguration [null] for test class [com.gdkm.dao.UserMapperTest]
12:29:13.509 [main] DEBUG org.springframework.test.annotation.ProfileValueUtils - Retrieved ProfileValueSource type [class org.springframework.test.annotation.SystemProfileValueSource] for class [com.gdkm.dao.UserMapperTest]
12:29:13.510 [main] DEBUG org.springframework.test.annotation.ProfileValueUtils - Retrieved @ProfileValueSourceConfiguration [null] for test class [com.gdkm.dao.UserMapperTest]
12:29:13.510 [main] DEBUG org.springframework.test.annotation.ProfileValueUtils - Retrieved ProfileValueSource type [class org.springframework.test.annotation.SystemProfileValueSource] for class [com.gdkm.dao.UserMapperTest]
12:29:13.515 [main] DEBUG org.springframework.test.context.support.AbstractDirtiesContextTestExecutionListener - Before test class: context [DefaultTestContext@6a78afa0 testClass = UserMapperTest, testInstance = [null], testMethod = [null], testException = [null], mergedContextConfiguration = [WebMergedContextConfiguration@2f4948e4 testClass = UserMapperTest, locations = '{}', classes = '{class com.gdkm.LinuxApplication}', contextInitializerClasses = '[]', activeProfiles = '{}', propertySourceLocations = '{}', propertySourceProperties = '{org.springframework.boot.test.context.SpringBootTestContextBootstrapper=true}', contextCustomizers = set[org.springframework.boot.test.context.SpringBootTestContextCustomizer@76f2b07d, org.springframework.boot.test.context.filter.ExcludeFilterContextCustomizer@4493d195, org.springframework.boot.test.mock.mockito.MockitoContextCustomizer@0, org.springframework.boot.test.autoconfigure.properties.PropertyMappingContextCustomizer@0, org.springframework.boot.test.autoconfigure.web.servlet.WebDriverContextCustomizerFactory$Customizer@2353b3e6], resourceBasePath = 'src/main/webapp', contextLoader = 'org.springframework.boot.test.context.SpringBootContextLoader', parent = [null]]], class annotated with @DirtiesContext [false] with mode [null].
12:29:13.515 [main] DEBUG org.springframework.test.annotation.ProfileValueUtils - Retrieved @ProfileValueSourceConfiguration [null] for test class [com.gdkm.dao.UserMapperTest]
12:29:13.515 [main] DEBUG org.springframework.test.annotation.ProfileValueUtils - Retrieved ProfileValueSource type [class org.springframework.test.annotation.SystemProfileValueSource] for class [com.gdkm.dao.UserMapperTest]
12:29:13.660 [main] DEBUG org.springframework.core.env.StandardEnvironment - Adding [systemProperties] PropertySource with lowest search precedence
12:29:13.660 [main] DEBUG org.springframework.core.env.StandardEnvironment - Adding [systemEnvironment] PropertySource with lowest search precedence
12:29:13.660 [main] DEBUG org.springframework.core.env.StandardEnvironment - Initialized StandardEnvironment with PropertySources [systemProperties,systemEnvironment]
12:29:13.662 [main] DEBUG org.springframework.core.env.MutablePropertySources - Adding [inline] PropertySource with highest search precedence
12:29:13.667 [main] DEBUG org.springframework.test.context.support.TestPropertySourceUtils - Adding inlined properties to environment: {spring.jmx.enabled=false, org.springframework.boot.test.context.SpringBootTestContextBootstrapper=true, server.port=-1}
12:29:13.668 [main] DEBUG org.springframework.core.env.StandardEnvironment - Adding [Inlined Test Properties] PropertySource with highest search precedence

  .   ____          _            __ _ _
 /\\ / ___'_ __ _ _(_)_ __  __ _ \ \ \ \
( ( )\___ | '_ | '_| | '_ \/ _` | \ \ \ \
 \\/  ___)| |_)| | | | | || (_| |  ) ) ) )
  '  |____| .__|_| |_|_| |_\__, | / / / /
 =========|_|==============|___/=/_/_/_/
 :: Spring Boot ::        (v1.5.3.RELEASE)

2019-12-28 12:29:14.717 [main] INFO  c.gdkm.dao.UserMapperTest - Starting UserMapperTest on DESKTOP-6E8KKFO with PID 232 (started by 78773 in D:\linuxϵͳ\gdkm-linux)
2019-12-28 12:29:14.718 [main] INFO  c.gdkm.dao.UserMapperTest - No active profile set, falling back to default profiles: default
2019-12-28 12:29:15.662 [main] INFO  o.s.w.c.s.GenericWebApplicationContext - Refreshing org.springframework.web.context.support.GenericWebApplicationContext@29526c05: startup date [Sat Dec 28 12:29:15 CST 2019]; root of context hierarchy
2019-12-28 12:29:17.352 [background-preinit] INFO  o.h.v.i.util.Version - HV000001: Hibernate Validator 5.3.5.Final
2019-12-28 12:29:18.897 [main] INFO  o.s.d.r.c.RepositoryConfigurationDelegate - Multiple Spring Data modules found, entering strict repository configuration mode!
2019-12-28 12:29:19.125 [main] INFO  o.s.d.r.c.RepositoryConfigurationDelegate - Multiple Spring Data modules found, entering strict repository configuration mode!
2019-12-28 12:29:19.227 [main] INFO  o.s.d.r.c.RepositoryConfigurationExtensionSupport - Spring Data Redis - Could not safely identify store assignment for repository candidate interface com.gdkm.Repository.CourseCommentReposiyory.
2019-12-28 12:29:19.229 [main] INFO  o.s.d.r.c.RepositoryConfigurationExtensionSupport - Spring Data Redis - Could not safely identify store assignment for repository candidate interface com.gdkm.Repository.LabelTitleRepostory.
2019-12-28 12:29:19.232 [main] INFO  o.s.d.r.c.RepositoryConfigurationExtensionSupport - Spring Data Redis - Could not safely identify store assignment for repository candidate interface com.gdkm.Repository.HomeLebelRepostory.
2019-12-28 12:29:19.233 [main] INFO  o.s.d.r.c.RepositoryConfigurationExtensionSupport - Spring Data Redis - Could not safely identify store assignment for repository candidate interface com.gdkm.Repository.ChatlogRepository.
2019-12-28 12:29:19.243 [main] INFO  o.s.d.r.c.RepositoryConfigurationExtensionSupport - Spring Data Redis - Could not safely identify store assignment for repository candidate interface com.gdkm.Repository.ResourceRepository.
2019-12-28 12:29:19.245 [main] INFO  o.s.d.r.c.RepositoryConfigurationExtensionSupport - Spring Data Redis - Could not safely identify store assignment for repository candidate interface com.gdkm.Repository.UserRoleRepository.
2019-12-28 12:29:19.248 [main] INFO  o.s.d.r.c.RepositoryConfigurationExtensionSupport - Spring Data Redis - Could not safely identify store assignment for repository candidate interface com.gdkm.Repository.AdminRepository.
2019-12-28 12:29:19.249 [main] INFO  o.s.d.r.c.RepositoryConfigurationExtensionSupport - Spring Data Redis - Could not safely identify store assignment for repository candidate interface com.gdkm.Repository.ResourceTypeRepository.
2019-12-28 12:29:19.250 [main] INFO  o.s.d.r.c.RepositoryConfigurationExtensionSupport - Spring Data Redis - Could not safely identify store assignment for repository candidate interface com.gdkm.Repository.UserRepository.
2019-12-28 12:29:19.251 [main] INFO  o.s.d.r.c.RepositoryConfigurationExtensionSupport - Spring Data Redis - Could not safely identify store assignment for repository candidate interface com.gdkm.Repository.RoleRepository.
2019-12-28 12:29:19.252 [main] INFO  o.s.d.r.c.RepositoryConfigurationExtensionSupport - Spring Data Redis - Could not safely identify store assignment for repository candidate interface com.gdkm.Repository.CommentRepository.
2019-12-28 12:29:19.254 [main] INFO  o.s.d.r.c.RepositoryConfigurationExtensionSupport - Spring Data Redis - Could not safely identify store assignment for repository candidate interface com.gdkm.Repository.TotalVisitsRepostory.
2019-12-28 12:29:19.255 [main] INFO  o.s.d.r.c.RepositoryConfigurationExtensionSupport - Spring Data Redis - Could not safely identify store assignment for repository candidate interface com.gdkm.Repository.VideoRepository.
2019-12-28 12:29:19.255 [main] INFO  o.s.d.r.c.RepositoryConfigurationExtensionSupport - Spring Data Redis - Could not safely identify store assignment for repository candidate interface com.gdkm.Repository.VideoItemRepository.
2019-12-28 12:29:19.256 [main] INFO  o.s.d.r.c.RepositoryConfigurationExtensionSupport - Spring Data Redis - Could not safely identify store assignment for repository candidate interface com.gdkm.Repository.QuestionRepository.
2019-12-28 12:29:19.561 [main] WARN  o.s.c.a.ConfigurationClassPostProcessor - Cannot enhance @Configuration bean definition 'propertySourcesPlaceholderConfigurer' since its singleton instance has been created too early. The typical cause is a non-static @Bean method with a BeanDefinitionRegistryPostProcessor return type: Consider declaring such methods as 'static'.
2019-12-28 12:29:20.622 [main] INFO  o.s.c.s.PostProcessorRegistrationDelegate$BeanPostProcessorChecker - Bean 'org.springframework.transaction.annotation.ProxyTransactionManagementConfiguration' of type [org.springframework.transaction.annotation.ProxyTransactionManagementConfiguration$$EnhancerBySpringCGLIB$$f57e445d] is not eligible for getting processed by all BeanPostProcessors (for example: not eligible for auto-proxying)
2019-12-28 12:29:21.075 [main] INFO  o.s.c.s.PostProcessorRegistrationDelegate$BeanPostProcessorChecker - Bean 'shiroConfig' of type [com.gdkm.shiro.ShiroConfig$$EnhancerBySpringCGLIB$$a73b1816] is not eligible for getting processed by all BeanPostProcessors (for example: not eligible for auto-proxying)
2019-12-28 12:29:21.129 [main] INFO  o.s.c.s.PostProcessorRegistrationDelegate$BeanPostProcessorChecker - Bean '(inner bean)#7f6329cb' of type [org.springframework.beans.factory.config.PropertiesFactoryBean] is not eligible for getting processed by all BeanPostProcessors (for example: not eligible for auto-proxying)
2019-12-28 12:29:21.133 [main] INFO  o.s.c.s.PostProcessorRegistrationDelegate$BeanPostProcessorChecker - Bean '(inner bean)#7f6329cb' of type [java.util.Properties] is not eligible for getting processed by all BeanPostProcessors (for example: not eligible for auto-proxying)
2019-12-28 12:29:21.154 [main] INFO  o.s.c.s.PostProcessorRegistrationDelegate$BeanPostProcessorChecker - Bean '(inner bean)#2173a742' of type [org.springframework.data.repository.core.support.PropertiesBasedNamedQueries] is not eligible for getting processed by all BeanPostProcessors (for example: not eligible for auto-proxying)
2019-12-28 12:29:21.168 [main] INFO  o.s.c.s.PostProcessorRegistrationDelegate$BeanPostProcessorChecker - Bean '(inner bean)#3b009e7b' of type [org.springframework.data.repository.query.ExtensionAwareEvaluationContextProvider] is not eligible for getting processed by all BeanPostProcessors (for example: not eligible for auto-proxying)
2019-12-28 12:29:21.175 [main] INFO  o.s.c.s.PostProcessorRegistrationDelegate$BeanPostProcessorChecker - Bean 'org.springframework.boot.autoconfigure.jdbc.DataSourceConfiguration$Tomcat' of type [org.springframework.boot.autoconfigure.jdbc.DataSourceConfiguration$Tomcat] is not eligible for getting processed by all BeanPostProcessors (for example: not eligible for auto-proxying)
2019-12-28 12:29:21.201 [main] INFO  o.s.c.s.PostProcessorRegistrationDelegate$BeanPostProcessorChecker - Bean 'spring.datasource-org.springframework.boot.autoconfigure.jdbc.DataSourceProperties' of type [org.springframework.boot.autoconfigure.jdbc.DataSourceProperties] is not eligible for getting processed by all BeanPostProcessors (for example: not eligible for auto-proxying)
2019-12-28 12:29:21.469 [main] INFO  o.s.c.s.PostProcessorRegistrationDelegate$BeanPostProcessorChecker - Bean 'dataSource' of type [org.apache.tomcat.jdbc.pool.DataSource] is not eligible for getting processed by all BeanPostProcessors (for example: not eligible for auto-proxying)
2019-12-28 12:29:21.473 [main] INFO  o.s.c.s.PostProcessorRegistrationDelegate$BeanPostProcessorChecker - Bean 'org.springframework.boot.autoconfigure.jdbc.DataSourceAutoConfiguration' of type [org.springframework.boot.autoconfigure.jdbc.DataSourceAutoConfiguration$$EnhancerBySpringCGLIB$$d771e7bd] is not eligible for getting processed by all BeanPostProcessors (for example: not eligible for auto-proxying)
2019-12-28 12:29:21.511 [main] INFO  o.s.c.s.PostProcessorRegistrationDelegate$BeanPostProcessorChecker - Bean 'dataSourceInitializer' of type [org.springframework.boot.autoconfigure.jdbc.DataSourceInitializer] is not eligible for getting processed by all BeanPostProcessors (for example: not eligible for auto-proxying)
[...]
2019-12-28 12:29:31.023 [main] INFO  o.s.w.s.m.m.a.RequestMappingHandlerMapping - Mapped "{[/byuser/chatlog/{touser}/{currentPage}/{pageSize}],methods=[GET]}" onto public com.gdkm.vo.ResultVO com.gdkm.controller.ChatlogController.chatlogPage(java.lang.Integer,java.lang.Integer,java.lang.Integer)
2019-12-28 12:29:31.023 [main] INFO  o.s.w.s.m.m.a.RequestMappingHandlerMapping - Mapped "{[/byuser/chatlog/{cId}],methods=[PUT]}" onto public com.gdkm.vo.ResultVO com.gdkm.controller.ChatlogController.chatlogPage(java.lang.Integer)
2019-12-28 12:29:31.024 [main] INFO  o.s.w.s.m.m.a.RequestMappingHandlerMapping - Mapped "{[/byuser/comment],methods=[POST]}" onto public com.gdkm.vo.ResultVO com.gdkm.controller.CourseCommentController.add(java.lang.Integer,java.lang.String)
2019-12-28 12:29:31.025 [main] INFO  o.s.w.s.m.m.a.RequestMappingHandlerMapping - Mapped "{[/byuser/comment/{id}],methods=[DELETE]}" onto public com.gdkm.vo.ResultVO com.gdkm.controller.CourseCommentController.delete(java.lang.Integer)
2019-12-28 12:29:31.025 [main] INFO  o.s.w.s.m.m.a.RequestMappingHandlerMapping - Mapped "{[/comment/{currentPage}/{pageSize}],methods=[GET]}" onto public com.gdkm.vo.ResultVO com.gdkm.controller.CourseCommentController.commentList(java.lang.Integer,java.lang.Integer)
2019-12-28 12:29:31.025 [main] INFO  o.s.w.s.m.m.a.RequestMappingHandlerMapping - Mapped "{[/byuser/comment/{currentPage}/{pageSize}],methods=[GET]}" onto public com.gdkm.vo.ResultVO com.gdkm.controller.CourseCommentController.myCommentList(java.lang.Integer,java.lang.Integer)
2019-12-28 12:29:31.026 [main] INFO  o.s.w.s.m.m.a.RequestMappingHandlerMapping - Mapped "{[/home/ totalcout],methods=[GET]}" onto public com.gdkm.vo.ResultVO com.gdkm.controller.HomeController.totalcout()
2019-12-28 12:29:31.027 [main] INFO  o.s.w.s.m.m.a.RequestMappingHandlerMapping - Mapped "{[/home/label],methods=[GET]}" onto public java.util.List<com.gdkm.vo.LabelVO> com.gdkm.controller.HomeController.Label()
2019-12-28 12:29:31.027 [main] INFO  o.s.w.s.m.m.a.RequestMappingHandlerMapping - Mapped "{[/home/cout],methods=[GET]}" onto public com.gdkm.vo.ResultVO com.gdkm.controller.HomeController.cout()
2019-12-28 12:29:31.030 [main] INFO  o.s.w.s.m.m.a.RequestMappingHandlerMapping - Mapped "{[/byuser/addCommentByUser],methods=[POST]}" onto public com.gdkm.vo.ResultVO com.gdkm.controller.QuestionController.addCommentByUser(com.gdkm.dto.CommentDto)
2019-12-28 12:29:31.030 [main] INFO  o.s.w.s.m.m.a.RequestMappingHandlerMapping - Mapped "{[/byuser/question/{qId}],methods=[DELETE]}" onto public com.gdkm.vo.ResultVO com.gdkm.controller.QuestionController.deleteQuestion(java.lang.Integer)
2019-12-28 12:29:31.031 [main] INFO  o.s.w.s.m.m.a.RequestMappingHandlerMapping - Mapped "{[/question/{page}/{size}],methods=[GET]}" onto public com.gdkm.vo.ResultVO com.gdkm.controller.QuestionController.showSortPage(java.lang.Integer,java.lang.Integer)
2019-12-28 12:29:31.031 [main] INFO  o.s.w.s.m.m.a.RequestMappingHandlerMapping - Mapped "{[/byuser/question],methods=[POST]}" onto public com.gdkm.vo.ResultVO com.gdkm.controller.QuestionController.addQuestion(java.lang.String,java.lang.String)
2019-12-28 12:29:31.031 [main] INFO  o.s.w.s.m.m.a.RequestMappingHandlerMapping - Mapped "{[/comment/{qId}],methods=[GET]}" onto public com.gdkm.vo.ResultVO com.gdkm.controller.QuestionController.showSortComment(java.lang.Integer)
2019-12-28 12:29:31.033 [main] INFO  o.s.w.s.m.m.a.RequestMappingHandlerMapping - Mapped "{[/user],methods=[POST]}" onto public com.gdkm.vo.ResultVO com.gdkm.controller.UserController.register(com.gdkm.vo.from.RegisterVo,javax.servlet.http.HttpServletRequest) throws java.io.IOException
2019-12-28 12:29:31.033 [main] INFO  o.s.w.s.m.m.a.RequestMappingHandlerMapping - Mapped "{[/byuser/user],methods=[PUT]}" onto public com.gdkm.vo.ResultVO com.gdkm.controller.UserController.updateUser(java.lang.String,java.lang.String)
2019-12-28 12:29:31.034 [main] INFO  o.s.w.s.m.m.a.RequestMappingHandlerMapping - Mapped "{[/user/mail],methods=[PUT]}" onto public com.gdkm.vo.ResultVO com.gdkm.controller.UserController.retrievePassword(java.lang.String,java.lang.String,java.lang.String)
2019-12-28 12:29:31.034 [main] INFO  o.s.w.s.m.m.a.RequestMappingHandlerMapping - Mapped "{[/byuser/user/pass],methods=[PUT]}" onto public com.gdkm.vo.ResultVO com.gdkm.controller.UserController.changePassword(java.lang.String,java.lang.String)
2019-12-28 12:29:31.035 [main] INFO  o.s.w.s.m.m.a.RequestMappingHandlerMapping - Mapped "{[/user/{userId}],methods=[GET]}" onto public com.gdkm.vo.ResultVO com.gdkm.controller.UserController.select(java.lang.Integer)
2019-12-28 12:29:31.035 [main] INFO  o.s.w.s.m.m.a.RequestMappingHandlerMapping - Mapped "{[/user/icon3/xiazai],methods=[GET]}" onto public com.gdkm.vo.ResultVO com.gdkm.controller.UserController.icon3()
2019-12-28 12:29:31.035 [main] INFO  o.s.w.s.m.m.a.RequestMappingHandlerMapping - Mapped "{[/user/mail],methods=[POST]}" onto public com.gdkm.vo.ResultVO com.gdkm.controller.UserController.sendMail(java.lang.String,javax.servlet.http.HttpServletResponse)
2019-12-28 12:29:31.035 [main] INFO  o.s.w.s.m.m.a.RequestMappingHandlerMapping - Mapped "{[/user/icon2],methods=[POST]}" onto public com.gdkm.vo.ResultVO com.gdkm.controller.UserController.icon1(org.springframework.web.multipart.MultipartFile) throws java.io.IOException
2019-12-28 12:29:31.036 [main] INFO  o.s.w.s.m.m.a.RequestMappingHandlerMapping - Mapped "{[/byuser/user/icon],methods=[POST]}" onto public com.gdkm.vo.ResultVO com.gdkm.controller.UserController.icon(org.springframework.web.multipart.MultipartFile) throws java.io.IOException
2019-12-28 12:29:31.037 [main] INFO  o.s.w.s.m.m.a.RequestMappingHandlerMapping - Mapped "{[/swagger-resources/configuration/security]}" onto public org.springframework.http.ResponseEntity<springfox.documentation.swagger.web.SecurityConfiguration> springfox.documentation.swagger.web.ApiResourceController.securityConfiguration()
2019-12-28 12:29:31.037 [main] INFO  o.s.w.s.m.m.a.RequestMappingHandlerMapping - Mapped "{[/swagger-resources/configuration/ui]}" onto public org.springframework.http.ResponseEntity<springfox.documentation.swagger.web.UiConfiguration> springfox.documentation.swagger.web.ApiResourceController.uiConfiguration()
2019-12-28 12:29:31.038 [main] INFO  o.s.w.s.m.m.a.RequestMappingHandlerMapping - Mapped "{[/swagger-resources]}" onto public org.springframework.http.ResponseEntity<java.util.List<springfox.documentation.swagger.web.SwaggerResource>> springfox.documentation.swagger.web.ApiResourceController.swaggerResources()
2019-12-28 12:29:31.039 [main] INFO  o.s.w.s.m.m.a.RequestMappingHandlerMapping - Mapped "{[/error]}" onto public org.springframework.http.ResponseEntity<java.util.Map<java.lang.String, java.lang.Object>> org.springframework.boot.autoconfigure.web.BasicErrorController.error(javax.servlet.http.HttpServletRequest)
2019-12-28 12:29:31.040 [main] INFO  o.s.w.s.m.m.a.RequestMappingHandlerMapping - Mapped "{[/error],produces=[text/html]}" onto public org.springframework.web.servlet.ModelAndView org.springframework.boot.autoconfigure.web.BasicErrorController.errorHtml(javax.servlet.http.HttpServletRequest,javax.servlet.http.HttpServletResponse)
2019-12-28 12:29:31.127 [main] INFO  s.d.s.w.PropertySourcedRequestMappingHandlerMapping - Mapped URL path [/v2/api-docs] onto method [public org.springframework.http.ResponseEntity<springfox.documentation.spring.web.json.Json> springfox.documentation.swagger2.web.Swagger2Controller.getDocumentation(java.lang.String,javax.servlet.http.HttpServletRequest)]
2019-12-28 12:29:31.133 [main] WARN  o.s.w.c.s.GenericWebApplicationContext - Exception encountered during context initialization - cancelling refresh attempt: org.springframework.beans.factory.BeanCreationException: Error creating bean with name 'serverEndpointExporter' defined in class path resource [com/gdkm/config/WebSocketConfig.class]: Invocation of init method failed; nested exception is java.lang.IllegalStateException: javax.websocket.server.ServerContainer not available
2019-12-28 12:29:31.141 [main] INFO  o.s.o.j.LocalContainerEntityManagerFactoryBean - Closing JPA EntityManagerFactory for persistence unit 'default'
2019-12-28 12:29:31.152 [main] INFO  o.s.b.a.l.AutoConfigurationReportLoggingInitializer - 

Error starting ApplicationContext. To display the auto-configuration report re-run your application with 'debug' enabled.
2019-12-28 12:29:31.157 [main] ERROR o.s.boot.SpringApplication - Application startup failed
org.springframework.beans.factory.BeanCreationException: Error creating bean with name 'serverEndpointExporter' defined in class path resource [com/gdkm/config/WebSocketConfig.class]: Invocation of init method failed; nested exception is java.lang.IllegalStateException: javax.websocket.server.ServerContainer not available
	at org.springframework.beans.factory.support.AbstractAutowireCapableBeanFactory.initializeBean(AbstractAutowireCapableBeanFactory.java:1628)
	at org.springframework.beans.factory.support.AbstractAutowireCapableBeanFactory.doCreateBean(AbstractAutowireCapableBeanFactory.java:555)
	at org.springframework.beans.factory.support.AbstractAutowireCapableBeanFactory.createBean(AbstractAutowireCapableBeanFactory.java:483)
	at org.springframework.beans.factory.support.AbstractBeanFactory$1.getObject(AbstractBeanFactory.java:306)
	at org.springframework.beans.factory.support.DefaultSingletonBeanRegistry.getSingleton(DefaultSingletonBeanRegistry.java:230)
	at org.springframework.beans.factory.support.AbstractBeanFactory.doGetBean(AbstractBeanFactory.java:302)
	at org.springframework.beans.factory.support.AbstractBeanFactory.getBean(AbstractBeanFactory.java:197)
	at org.springframework.beans.factory.support.DefaultListableBeanFactory.preInstantiateSingletons(DefaultListableBeanFactory.java:761)
	at org.springframework.context.support.AbstractApplicationContext.finishBeanFactoryInitialization(AbstractApplicationContext.java:866)
	at org.springframework.context.support.AbstractApplicationContext.refresh(AbstractApplicationContext.java:542)
	at org.springframework.boot.SpringApplication.refresh(SpringApplication.java:737)
	at org.springframework.boot.SpringApplication.refreshContext(SpringApplication.java:370)
	at org.springframework.boot.SpringApplication.run(SpringApplication.java:314)
	at org.springframework.boot.test.context.SpringBootContextLoader.loadContext(SpringBootContextLoader.java:120)
	at org.springframework.test.context.cache.DefaultCacheAwareContextLoaderDelegate.loadContextInternal(DefaultCacheAwareContextLoaderDelegate.java:98)
	at org.springframework.test.context.cache.DefaultCacheAwareContextLoaderDelegate.loadContext(DefaultCacheAwareContextLoaderDelegate.java:116)
	at org.springframework.test.context.support.DefaultTestContext.getApplicationContext(DefaultTestContext.java:83)
	at org.springframework.test.context.web.ServletTestExecutionListener.setUpRequestContextIfNecessary(ServletTestExecutionListener.java:189)
	at org.springframework.test.context.web.ServletTestExecutionListener.prepareTestInstance(ServletTestExecutionListener.java:131)
	at org.springframework.test.context.TestContextManager.prepareTestInstance(TestContextManager.java:230)
	at org.springframework.test.context.junit4.SpringJUnit4ClassRunner.createTest(SpringJUnit4ClassRunner.java:228)
	at org.springframework.test.context.junit4.SpringJUnit4ClassRunner$1.runReflectiveCall(SpringJUnit4ClassRunner.java:287)
	at org.junit.internal.runners.model.ReflectiveCallable.run(ReflectiveCallable.java:12)
	at org.springframework.test.context.junit4.SpringJUnit4ClassRunner.methodBlock(SpringJUnit4ClassRunner.java:289)
	at org.springframework.test.context.junit4.SpringJUnit4ClassRunner.runChild(SpringJUnit4ClassRunner.java:247)
	at org.springframework.test.context.junit4.SpringJUnit4ClassRunner.runChild(SpringJUnit4ClassRunner.java:94)
	at org.junit.runners.ParentRunner$3.run(ParentRunner.java:290)
	at org.junit.runners.ParentRunner$1.schedule(ParentRunner.java:71)
	at org.junit.runners.ParentRunner.runChildren(ParentRunner.java:288)
	at org.junit.runners.ParentRunner.access$000(ParentRunner.java:58)
	at org.junit.runners.ParentRunner$2.evaluate(ParentRunner.java:268)
	at org.springframework.test.context.junit4.statements.RunBeforeTestClassCallbacks.evaluate(RunBeforeTestClassCallbacks.java:61)
	at org.springframework.test.context.junit4.statements.RunAfterTestClassCallbacks.evaluate(RunAfterTestClassCallbacks.java:70)
	at org.junit.runners.ParentRunner.run(ParentRunner.java:363)
	at org.springframework.test.context.junit4.SpringJUnit4ClassRunner.run(SpringJUnit4ClassRunner.java:191)
	at org.apache.maven.surefire.junit4.JUnit4Provider.execute(JUnit4Provider.java:283)
	at org.apache.maven.surefire.junit4.JUnit4Provider.executeWithRerun(JUnit4Provider.java:173)
	at org.apache.maven.surefire.junit4.JUnit4Provider.executeTestSet(JUnit4Provider.java:153)
	at org.apache.maven.surefire.junit4.JUnit4Provider.invoke(JUnit4Provider.java:128)
	at org.apache.maven.surefire.booter.ForkedBooter.invokeProviderInSameClassLoader(ForkedBooter.java:203)
	at org.apache.maven.surefire.booter.ForkedBooter.runSuitesInProcess(ForkedBooter.java:155)
	at org.apache.maven.surefire.booter.ForkedBooter.main(ForkedBooter.java:103)
Caused by: java.lang.IllegalStateException: javax.websocket.server.ServerContainer not available
	at org.springframework.util.Assert.state(Assert.java:70)
	at org.springframework.web.socket.server.standard.ServerEndpointExporter.afterPropertiesSet(ServerEndpointExporter.java:102)
	at org.springframework.beans.factory.support.AbstractAutowireCapableBeanFactory.invokeInitMethods(AbstractAutowireCapableBeanFactory.java:1687)
	at org.springframework.beans.factory.support.AbstractAutowireCapableBeanFactory.initializeBean(AbstractAutowireCapableBeanFactory.java:1624)
	... 41 common frames omitted
2019-12-28 12:29:31.158 [main] ERROR o.s.t.c.TestContextManager - Caught exception while allowing TestExecutionListener [org.springframework.test.context.web.ServletTestExecutionListener@3c46e67a] to prepare test instance [com.gdkm.dao.UserMapperTest@6b0aa757]
java.lang.IllegalStateException: Failed to load ApplicationContext
	at org.springframework.test.context.cache.DefaultCacheAwareContextLoaderDelegate.loadContext(DefaultCacheAwareContextLoaderDelegate.java:124)
	at org.springframework.test.context.support.DefaultTestContext.getApplicationContext(DefaultTestContext.java:83)
	at org.springframework.test.context.web.ServletTestExecutionListener.setUpRequestContextIfNecessary(ServletTestExecutionListener.java:189)
	at org.springframework.test.context.web.ServletTestExecutionListener.prepareTestInstance(ServletTestExecutionListener.java:131)
	at org.springframework.test.context.TestContextManager.prepareTestInstance(TestContextManager.java:230)
	at org.springframework.test.context.junit4.SpringJUnit4ClassRunner.createTest(SpringJUnit4ClassRunner.java:228)
	at org.springframework.test.context.junit4.SpringJUnit4ClassRunner$1.runReflectiveCall(SpringJUnit4ClassRunner.java:287)
	at org.junit.internal.runners.model.ReflectiveCallable.run(ReflectiveCallable.java:12)
	at org.springframework.test.context.junit4.SpringJUnit4ClassRunner.methodBlock(SpringJUnit4ClassRunner.java:289)
	at org.springframework.test.context.junit4.SpringJUnit4ClassRunner.runChild(SpringJUnit4ClassRunner.java:247)
	at org.springframework.test.context.junit4.SpringJUnit4ClassRunner.runChild(SpringJUnit4ClassRunner.java:94)
	at org.junit.runners.ParentRunner$3.run(ParentRunner.java:290)
	at org.junit.runners.ParentRunner$1.schedule(ParentRunner.java:71)
	at org.junit.runners.ParentRunner.runChildren(ParentRunner.java:288)
	at org.junit.runners.ParentRunner.access$000(ParentRunner.java:58)
	at org.junit.runners.ParentRunner$2.evaluate(ParentRunner.java:268)
	at org.springframework.test.context.junit4.statements.RunBeforeTestClassCallbacks.evaluate(RunBeforeTestClassCallbacks.java:61)
	at org.springframework.test.context.junit4.statements.RunAfterTestClassCallbacks.evaluate(RunAfterTestClassCallbacks.java:70)
	at org.junit.runners.ParentRunner.run(ParentRunner.java:363)
	at org.springframework.test.context.junit4.SpringJUnit4ClassRunner.run(SpringJUnit4ClassRunner.java:191)
	at org.apache.maven.surefire.junit4.JUnit4Provider.execute(JUnit4Provider.java:283)
	at org.apache.maven.surefire.junit4.JUnit4Provider.executeWithRerun(JUnit4Provider.java:173)
	at org.apache.maven.surefire.junit4.JUnit4Provider.executeTestSet(JUnit4Provider.java:153)
	at org.apache.maven.surefire.junit4.JUnit4Provider.invoke(JUnit4Provider.java:128)
	at org.apache.maven.surefire.booter.ForkedBooter.invokeProviderInSameClassLoader(ForkedBooter.java:203)
	at org.apache.maven.surefire.booter.ForkedBooter.runSuitesInProcess(ForkedBooter.java:155)
	at org.apache.maven.surefire.booter.ForkedBooter.main(ForkedBooter.java:103)
Caused by: org.springframework.beans.factory.BeanCreationException: Error creating bean with name 'serverEndpointExporter' defined in class path resource [com/gdkm/config/WebSocketConfig.class]: Invocation of init method failed; nested exception is java.lang.IllegalStateException: javax.websocket.server.ServerContainer not available
	at org.springframework.beans.factory.support.AbstractAutowireCapableBeanFactory.initializeBean(AbstractAutowireCapableBeanFactory.java:1628)
	at org.springframework.beans.factory.support.AbstractAutowireCapableBeanFactory.doCreateBean(AbstractAutowireCapableBeanFactory.java:555)
	at org.springframework.beans.factory.support.AbstractAutowireCapableBeanFactory.createBean(AbstractAutowireCapableBeanFactory.java:483)
	at org.springframework.beans.factory.support.AbstractBeanFactory$1.getObject(AbstractBeanFactory.java:306)
	at org.springframework.beans.factory.support.DefaultSingletonBeanRegistry.getSingleton(DefaultSingletonBeanRegistry.java:230)
	at org.springframework.beans.factory.support.AbstractBeanFactory.doGetBean(AbstractBeanFactory.java:302)
	at org.springframework.beans.factory.support.AbstractBeanFactory.getBean(AbstractBeanFactory.java:197)
	at org.springframework.beans.factory.support.DefaultListableBeanFactory.preInstantiateSingletons(DefaultListableBeanFactory.java:761)
	at org.springframework.context.support.AbstractApplicationContext.finishBeanFactoryInitialization(AbstractApplicationContext.java:866)
	at org.springframework.context.support.AbstractApplicationContext.refresh(AbstractApplicationContext.java:542)
	at org.springframework.boot.SpringApplication.refresh(SpringApplication.java:737)
	at org.springframework.boot.SpringApplication.refreshContext(SpringApplication.java:370)
	at org.springframework.boot.SpringApplication.run(SpringApplication.java:314)
	at org.springframework.boot.test.context.SpringBootContextLoader.loadContext(SpringBootContextLoader.java:120)
	at org.springframework.test.context.cache.DefaultCacheAwareContextLoaderDelegate.loadContextInternal(DefaultCacheAwareContextLoaderDelegate.java:98)
	at org.springframework.test.context.cache.DefaultCacheAwareContextLoaderDelegate.loadContext(DefaultCacheAwareContextLoaderDelegate.java:116)
	... 26 common frames omitted
Caused by: java.lang.IllegalStateException: javax.websocket.server.ServerContainer not available
	at org.springframework.util.Assert.state(Assert.java:70)
	at org.springframework.web.socket.server.standard.ServerEndpointExporter.afterPropertiesSet(ServerEndpointExporter.java:102)
	at org.springframework.beans.factory.support.AbstractAutowireCapableBeanFactory.invokeInitMethods(AbstractAutowireCapableBeanFactory.java:1687)
	at org.springframework.beans.factory.support.AbstractAutowireCapableBeanFactory.initializeBean(AbstractAutowireCapableBeanFactory.java:1624)
	... 41 common frames omitted
]]></system-out>
  </testcase>
</testsuite>